0	13:17:15.986	Custom indicator Heiken Ashi EURUSD,H4: loaded successfully
0	13:17:16.006	Heiken Ashi EURUSD,H4: initialized
0	13:19:25.618	Heiken Ashi EURUSD,H4: uninit reason 3
0	13:19:25.618	Heiken Ashi EURUSD,Daily: initialized
0	13:19:32.783	Heiken Ashi EURUSD,Daily: uninit reason 3
0	13:19:32.783	Heiken Ashi EURUSD,H4: initialized
0	13:19:33.783	Heiken Ashi EURUSD,H4: uninit reason 3
0	13:19:33.783	Heiken Ashi EURUSD,Daily: initialized
0	13:19:38.688	Heiken Ashi EURUSD,Daily: uninit reason 3
0	13:19:38.704	Heiken Ashi EURUSD,Weekly: initialized
0	13:19:41.550	Heiken Ashi EURUSD,Weekly: uninit reason 3
0	13:19:41.550	Heiken Ashi EURUSD,Daily: initialized
0	13:19:44.369	Heiken Ashi EURUSD,Daily: uninit reason 3
0	13:19:44.369	Heiken Ashi EURUSD,Weekly: initialized
0	13:19:47.144	Heiken Ashi EURUSD,Weekly: uninit reason 3
0	13:19:47.144	Heiken Ashi EURUSD,Daily: initialized
0	13:19:48.597	Heiken Ashi EURUSD,Daily: uninit reason 3
0	13:19:48.597	Heiken Ashi EURUSD,H4: initialized
0	13:19:59.717	Heiken Ashi EURUSD,H4: uninit reason 3
0	13:19:59.717	Heiken Ashi EURUSD,H1: initialized
0	13:20:03.522	Heiken Ashi EURUSD,H1: uninit reason 3
0	13:20:03.522	Heiken Ashi EURUSD,H4: initialized
0	13:20:47.260	Heiken Ashi EURUSD,H4: uninit reason 3
0	13:20:47.260	Heiken Ashi EURUSD,H1: initialized
0	13:20:49.157	Heiken Ashi EURUSD,H1: uninit reason 3
0	13:20:49.157	Heiken Ashi EURUSD,M30: initialized
0	13:20:50.159	Heiken Ashi EURUSD,M30: uninit reason 3
0	13:20:50.159	Heiken Ashi EURUSD,H1: initialized
0	13:20:53.233	Heiken Ashi EURUSD,H1: uninit reason 7
0	13:20:53.233	Custom indicator Heiken Ashi EURUSD,H1: removed
