0	15:48:06.069	Custom indicator Heiken Ashi XAUUSD,H4: loaded successfully
0	15:48:06.083	Heiken Ashi XAUUSD,H4: initialized
0	15:48:19.452	Custom indicator Heiken Ashi US500,Daily: loaded successfully
0	15:48:19.463	Heiken Ashi US500,Daily: initialized
0	15:48:24.668	Custom indicator Heiken Ashi EURUSD,Daily: loaded successfully
0	15:48:24.680	Heiken Ashi EURUSD,Daily: initialized
0	15:48:31.581	Custom indicator Heiken Ashi USDJPY,Daily: loaded successfully
0	15:48:31.592	Heiken Ashi USDJPY,Daily: initialized
0	15:48:33.498	Heiken Ashi USDJPY,Daily: uninit reason 9
0	15:48:33.498	Heiken Ashi EURUSD,Daily: uninit reason 9
0	15:48:33.498	Heiken Ashi US500,Daily: uninit reason 9
0	15:48:33.498	Heiken Ashi XAUUSD,H4: uninit reason 9
0	15:48:33.582	Custom indicator Heiken Ashi USDJPY,Daily: removed
0	15:48:33.592	Custom indicator Heiken Ashi EURUSD,Daily: removed
0	15:48:33.602	Custom indicator Heiken Ashi US500,Daily: removed
0	15:48:33.609	Custom indicator Heiken Ashi XAUUSD,H4: removed
0	16:08:13.600	Custom indicator Heiken Ashi USDJPY,Daily: loaded successfully
0	16:08:13.637	Heiken Ashi USDJPY,Daily: initialized
0	16:08:13.656	Custom indicator Heiken Ashi EURUSD,Daily: loaded successfully
0	16:08:13.677	Heiken Ashi EURUSD,Daily: initialized
0	16:08:13.710	Custom indicator Heiken Ashi US500,Daily: loaded successfully
0	16:08:13.727	Heiken Ashi US500,Daily: initialized
0	16:08:13.760	Custom indicator Heiken Ashi XAUUSD,H4: loaded successfully
0	16:08:13.785	Heiken Ashi XAUUSD,H4: initialized
0	16:08:20.361	Heiken Ashi XAUUSD,H4: uninit reason 3
0	16:08:20.364	Heiken Ashi XAUUSD,H1: initialized
0	16:13:04.420	Heiken Ashi US500,Daily: uninit reason 3
0	16:13:04.450	Heiken Ashi US500,H4: initialized
0	16:13:06.301	Heiken Ashi US500,H4: uninit reason 3
0	16:13:06.314	Heiken Ashi US500,H1: initialized
0	16:13:12.610	Heiken Ashi US500,H1: uninit reason 3
0	16:13:12.610	Heiken Ashi US500,H4: initialized
0	16:13:13.510	Heiken Ashi US500,H4: uninit reason 3
0	16:13:13.510	Heiken Ashi US500,Daily: initialized
0	16:13:17.520	Heiken Ashi US500,Daily: uninit reason 3
0	16:13:17.520	Heiken Ashi US500,H4: initialized
0	16:13:22.322	Heiken Ashi USDJPY,Daily: uninit reason 9
0	16:13:22.322	Heiken Ashi EURUSD,Daily: uninit reason 9
0	16:13:22.322	Heiken Ashi US500,H4: uninit reason 9
0	16:13:22.322	Heiken Ashi XAUUSD,H1: uninit reason 9
0	16:13:22.390	Custom indicator Heiken Ashi USDJPY,Daily: removed
0	16:13:22.399	Custom indicator Heiken Ashi EURUSD,Daily: removed
0	16:13:22.409	Custom indicator Heiken Ashi US500,H4: removed
0	16:13:22.420	Custom indicator Heiken Ashi XAUUSD,H1: removed
0	17:59:22.240	Custom indicator Heiken Ashi USDJPY,Daily: loaded successfully
0	17:59:22.293	Heiken Ashi USDJPY,Daily: initialized
0	17:59:22.309	Custom indicator Heiken Ashi EURUSD,Daily: loaded successfully
0	17:59:22.324	Heiken Ashi EURUSD,Daily: initialized
0	17:59:22.347	Custom indicator Heiken Ashi US500,H4: loaded successfully
0	17:59:22.393	Heiken Ashi US500,H4: initialized
0	17:59:22.409	Custom indicator Heiken Ashi XAUUSD,H1: loaded successfully
0	17:59:22.478	Heiken Ashi XAUUSD,H1: initialized
0	18:00:27.388	Heiken Ashi US500,H4: uninit reason 3
0	18:00:27.388	Heiken Ashi US500,H1: initialized
0	18:00:29.293	Heiken Ashi US500,H1: uninit reason 3
0	18:00:29.293	Heiken Ashi US500,H4: initialized
0	18:00:31.530	Heiken Ashi US500,H4: uninit reason 3
0	18:00:31.530	Heiken Ashi US500,Daily: initialized
0	18:00:33.218	Heiken Ashi US500,Daily: uninit reason 3
0	18:00:33.218	Heiken Ashi US500,H4: initialized
0	18:00:34.252	Heiken Ashi US500,H4: uninit reason 3
0	18:00:34.252	Heiken Ashi US500,H1: initialized
0	18:00:35.084	Heiken Ashi US500,H1: uninit reason 3
0	18:00:35.107	Heiken Ashi US500,M30: initialized
0	18:00:36.855	Heiken Ashi US500,M30: uninit reason 3
0	18:00:36.855	Heiken Ashi US500,H1: initialized
0	18:00:40.494	Heiken Ashi US500,H1: uninit reason 7
0	18:00:40.494	Custom indicator Heiken Ashi US500,H1: removed
0	18:00:49.949	Heiken Ashi USDJPY,Daily: uninit reason 9
0	18:00:49.949	Heiken Ashi EURUSD,Daily: uninit reason 9
0	18:00:49.949	Heiken Ashi XAUUSD,H1: uninit reason 9
0	18:00:49.996	Custom indicator Heiken Ashi USDJPY,Daily: removed
0	18:00:50.012	Custom indicator Heiken Ashi EURUSD,Daily: removed
0	18:00:50.018	Custom indicator Heiken Ashi XAUUSD,H1: removed
