0	08:00:40.593	Custom indicator Heiken Ashi USDJPY,Daily: loaded successfully
0	08:00:40.609	Heiken Ashi USDJPY,Daily: initialized
0	08:00:40.655	Custom indicator Heiken Ashi EURUSD,Daily: loaded successfully
0	08:00:40.671	Heiken Ashi EURUSD,Daily: initialized
0	08:00:40.702	Custom indicator Heiken Ashi XAUUSD,H1: loaded successfully
0	08:00:40.733	Heiken Ashi XAUUSD,H1: initialized
0	08:00:54.057	Heiken Ashi XAUUSD,H1: uninit reason 3
0	08:00:54.088	Heiken Ashi XAUUSD,H4: initialized
0	08:00:55.677	Heiken Ashi XAUUSD,H4: uninit reason 7
0	08:00:55.677	Custom indicator Heiken Ashi XAUUSD,H4: removed
0	08:01:39.672	Heiken Ashi EURUSD,Daily: uninit reason 7
0	08:01:39.672	Custom indicator Heiken Ashi EURUSD,Daily: removed
0	08:01:43.487	Heiken Ashi USDJPY,Daily: uninit reason 7
0	08:01:43.487	Custom indicator Heiken Ashi USDJPY,Daily: removed
0	13:09:35.075	Custom indicator Heiken Ashi US500,H1: loaded successfully
0	13:09:35.120	Heiken Ashi US500,H1: initialized
0	13:10:04.296	Heiken Ashi US500,H1: uninit reason 3
0	13:10:04.296	Heiken Ashi US500,H4: initialized
0	13:10:06.279	Heiken Ashi US500,H4: uninit reason 3
0	13:10:06.279	Heiken Ashi US500,Daily: initialized
0	13:10:32.255	Heiken Ashi US500,Daily: uninit reason 9
0	13:10:32.406	Custom indicator Heiken Ashi US500,Daily: removed
0	16:00:15.012	Custom indicator Heiken Ashi US500,Daily: loaded successfully
0	16:00:15.039	Heiken Ashi US500,Daily: initialized
0	16:00:27.711	Heiken Ashi US500,Daily: uninit reason 3
0	16:00:27.722	Heiken Ashi US500,H4: initialized
0	16:00:34.784	Heiken Ashi US500,H4: uninit reason 7
0	16:00:34.784	Custom indicator Heiken Ashi US500,H4: removed
