0	23:28:53.791	Custom indicator Heiken Ashi XAUUSD,H4: loaded successfully
0	23:29:20.949	Heiken Ashi XAUUSD,H4: initialized
0	23:30:20.800	Heiken Ashi XAUUSD,H4: uninit reason 5
0	23:30:20.816	Heiken Ashi XAUUSD,H4: initialized
0	23:30:44.690	Heiken Ashi XAUUSD,H4: uninit reason 5
0	23:30:44.702	Heiken Ashi XAUUSD,H4: initialized
0	23:31:12.250	Heiken Ashi XAUUSD,H4: uninit reason 5
0	23:31:12.263	Heiken Ashi XAUUSD,H4: initialized
0	23:31:31.259	Heiken Ashi XAUUSD,H4: uninit reason 5
0	23:31:31.273	Heiken Ashi XAUUSD,H4: initialized
0	23:31:40.626	Heiken Ashi XAUUSD,H4: uninit reason 5
0	23:31:40.638	Heiken Ashi XAUUSD,H4: initialized
0	23:34:17.978	Heiken Ashi XAUUSD,H4: uninit reason 5
0	23:34:17.988	Heiken Ashi XAUUSD,H4: initialized
0	23:34:30.570	Heiken Ashi XAUUSD,H4: uninit reason 5
0	23:34:30.594	Heiken Ashi XAUUSD,H4: initialized
0	23:34:47.810	Heiken Ashi XAUUSD,H4: uninit reason 5
0	23:34:47.831	Heiken Ashi XAUUSD,H4: initialized
0	23:35:13.714	Heiken Ashi XAUUSD,H4: uninit reason 5
0	23:35:13.740	Heiken Ashi XAUUSD,H4: initialized
0	23:35:25.242	Heiken Ashi XAUUSD,H4: uninit reason 5
0	23:35:25.266	Heiken Ashi XAUUSD,H4: initialized
0	23:35:43.978	Heiken Ashi XAUUSD,H4: uninit reason 5
0	23:35:43.996	Heiken Ashi XAUUSD,H4: initialized
0	23:36:18.202	Heiken Ashi XAUUSD,H4: uninit reason 5
0	23:36:18.227	Heiken Ashi XAUUSD,H4: initialized
0	23:37:05.769	Heiken Ashi XAUUSD,H4: uninit reason 5
0	23:37:05.798	Heiken Ashi XAUUSD,H4: initialized
0	23:37:54.969	Heiken Ashi XAUUSD,H4: uninit reason 3
0	23:37:54.970	Heiken Ashi XAUUSD,Daily: initialized
0	23:37:58.402	Heiken Ashi XAUUSD,Daily: uninit reason 3
0	23:37:58.402	Heiken Ashi XAUUSD,H4: initialized
0	23:38:00.739	Heiken Ashi XAUUSD,H4: uninit reason 3
0	23:38:00.739	Heiken Ashi XAUUSD,H1: initialized
0	23:38:02.746	Heiken Ashi XAUUSD,H1: uninit reason 3
0	23:38:02.746	Heiken Ashi XAUUSD,Daily: initialized
0	23:38:05.737	Heiken Ashi XAUUSD,Daily: uninit reason 3
0	23:38:05.737	Heiken Ashi XAUUSD,H4: initialized
0	23:49:03.836	Heiken Ashi XAUUSD,H4: uninit reason 7
0	23:49:03.839	Custom indicator Heiken Ashi XAUUSD,H4: removed
0	23:51:19.304	Custom indicator Heiken Ashi XAUUSD,H4: loaded successfully
0	23:51:19.316	Heiken Ashi XAUUSD,H4: initialized
0	23:53:43.523	Heiken Ashi XAUUSD,H4: uninit reason 7
0	23:53:43.526	Custom indicator Heiken Ashi XAUUSD,H4: removed
0	23:53:48.150	Custom indicator Heiken Ashi XAUUSD,H4: loaded successfully
0	23:53:48.164	Heiken Ashi XAUUSD,H4: initialized
0	23:53:53.605	Heiken Ashi XAUUSD,H4: uninit reason 7
0	23:53:53.606	Custom indicator Heiken Ashi XAUUSD,H4: removed
0	23:53:59.384	Custom indicator Heiken Ashi XAUUSD,H4: loaded successfully
0	23:53:59.397	Heiken Ashi XAUUSD,H4: initialized
0	23:54:05.356	Heiken Ashi XAUUSD,H4: uninit reason 7
0	23:54:05.358	Custom indicator Heiken Ashi XAUUSD,H4: removed
