0	20:59:40.959	MetaTrader build 1170 started (Pepperstone Group Limited)
0	20:59:40.959	Windows 10 Home Single Language x64, IE 11, UAC, 8 x Intel Core i7-6700HQ  @ 2.60GHz, Memory: 4892 / 8058 Mb, Disk: 794 / 919 Gb, GMT-5
0	20:59:40.959	Data Folder: C:\Users\Fidel\AppData\Roaming\MetaQuotes\Terminal\3294B546D50FEEDA6BF3CFC7CF858DB7
0	20:59:47.153	'1061950': login on Pepperstone-Demo01 through NY DC (ping: 143.36 ms)
0	20:59:49.716	'1061950': login datacenter on Pepperstone-Demo01 through NY DC (ping: 143.36 ms)
0	20:59:50.233	'1061950': previous successful authorization performed from 18.236.245.154
0	20:59:51.872	'1061950': ping to current access point NY DC is 126.09 ms
0	21:00:24.599	'1061950': login on Pepperstone-Demo01 through NY DC (ping: 126.09 ms)
0	21:00:25.728	'1061950': login datacenter on Pepperstone-Demo01 through NY DC (ping: 126.09 ms)
0	21:00:26.254	'1061950': previous successful authorization performed from 190.237.41.127
1	21:00:26.982	MQL5.community: authorization failed
1	21:03:27.024	'1061950': ping failed
0	21:03:27.695	'1061950': login on Pepperstone-Demo01 through NY DC (ping: 126.09 ms)
0	21:03:29.548	'1061950': login datacenter on Pepperstone-Demo01 through NY DC (ping: 126.09 ms)
0	21:03:30.272	'1061950': previous successful authorization performed from 190.239.80.133
0	21:30:11.516	MetaTrader build 1170 stopped
0	21:38:54.035	MetaTrader build 1170 started (Pepperstone Group Limited)
0	21:38:54.035	Windows 10 Home Single Language x64, IE 11, UAC, 8 x Intel Core i7-6700HQ  @ 2.60GHz, Memory: 2806 / 8058 Mb, Disk: 794 / 919 Gb, GMT-5
0	21:38:54.035	Data Folder: C:\Users\Fidel\AppData\Roaming\MetaQuotes\Terminal\3294B546D50FEEDA6BF3CFC7CF858DB7
0	21:38:57.508	'1061950': login on Pepperstone-Demo01 through NY DC (ping: 126.09 ms)
0	21:38:58.905	'1061950': login datacenter on Pepperstone-Demo01 through NY DC (ping: 126.09 ms)
0	21:38:59.534	'1061950': previous successful authorization performed from 190.239.66.44
0	21:45:29.082	MetaTrader build 1170 stopped
0	23:28:08.950	MetaTrader build 1170 started (Pepperstone Group Limited)
0	23:28:08.950	Windows 10 Home Single Language x64, IE 11, UAC, 8 x Intel Core i7-6700HQ  @ 2.60GHz, Memory: 4979 / 8058 Mb, Disk: 794 / 919 Gb, GMT-5
0	23:28:08.950	Data Folder: C:\Users\Fidel\AppData\Roaming\MetaQuotes\Terminal\3294B546D50FEEDA6BF3CFC7CF858DB7
0	23:28:11.370	'1061950': login on Pepperstone-Demo01 through NY DC (ping: 126.09 ms)
0	23:28:13.684	'1061950': login datacenter on Pepperstone-Demo01 through NY DC (ping: 126.09 ms)
0	23:28:14.185	'1061950': previous successful authorization performed from 18.236.245.154
0	23:28:16.203	'1061950': auto connecting to a better access point NY DC2 (ping is 136.29 ms)
0	23:28:16.955	'1061950': login on Pepperstone-Demo01 through NY DC2 (ping: 136.29 ms)
0	23:28:18.999	'1061950': login datacenter on Pepperstone-Demo01 through NY DC2 (ping: 136.29 ms)
0	23:28:19.804	'1061950': previous successful authorization performed from 190.239.67.107
2	23:28:53.791	Custom indicator Heiken Ashi XAUUSD,H4: loaded successfully
2	23:49:03.839	Custom indicator Heiken Ashi XAUUSD,H4: removed
2	23:51:19.304	Custom indicator Heiken Ashi XAUUSD,H4: loaded successfully
2	23:53:43.526	Custom indicator Heiken Ashi XAUUSD,H4: removed
2	23:53:48.150	Custom indicator Heiken Ashi XAUUSD,H4: loaded successfully
2	23:53:53.606	Custom indicator Heiken Ashi XAUUSD,H4: removed
2	23:53:59.384	Custom indicator Heiken Ashi XAUUSD,H4: loaded successfully
2	23:54:05.358	Custom indicator Heiken Ashi XAUUSD,H4: removed
