0	00:44:54.806	MetaTrader build 1170 started (Pepperstone Group Limited)
0	00:44:54.806	Windows 10 Home Single Language x64, IE 11, UAC, 8 x Intel Core i7-6700HQ  @ 2.60GHz, Memory: 8952 / 16250 Mb, Disk: 759 / 919 Gb, GMT-5
0	00:44:54.806	Data Folder: C:\Users\Fidel\AppData\Roaming\MetaQuotes\Terminal\3294B546D50FEEDA6BF3CFC7CF858DB7
0	00:44:57.772	'1600030859': login on ICMarkets-Live16 through NY4 DC 3 (ping: 132.00 ms)
0	00:45:00.545	'1600030859': login datacenter on ICMarkets-Live16 through NY4 DC 3 (ping: 132.00 ms)
0	00:45:01.645	'1600030859': previous successful authorization performed from 54.189.76.62
0	00:45:40.909	'1600030859': auto connecting to a better access point NY4 DC 1 (ping is 137.64 ms)
0	00:45:42.282	'1600030859': login on ICMarkets-Live16 through NY4 DC 1 (ping: 137.64 ms)
0	00:45:43.872	'1600030859': login datacenter on ICMarkets-Live16 through NY4 DC 1 (ping: 137.64 ms)
0	00:45:44.283	'1600030859': previous successful authorization performed from 190.239.75.239
0	00:45:45.107	MetaTrader build 1170 stopped
0	23:17:16.388	MetaTrader build 1170 started (Pepperstone Group Limited)
0	23:17:16.388	Windows 10 Home Single Language x64, IE 11, UAC, 8 x Intel Core i7-6700HQ  @ 2.60GHz, Memory: 11402 / 16250 Mb, Disk: 760 / 919 Gb, GMT-5
0	23:17:16.388	Data Folder: C:\Users\Fidel\AppData\Roaming\MetaQuotes\Terminal\3294B546D50FEEDA6BF3CFC7CF858DB7
0	23:17:43.144	'1600030859': login on ICMarkets-Live16 through NY4 DC 1 (ping: 137.64 ms)
0	23:18:00.150	'1600030859': login datacenter on ICMarkets-Live16 through NY4 DC 1 (ping: 137.64 ms)
0	23:18:00.651	'1600030859': previous successful authorization performed from 35.160.168.168
0	23:19:02.735	'1600030859': auto connecting to a better access point NY4 DC 2 (ping is 141.59 ms)
0	23:19:10.219	'1600030859': login on ICMarkets-Live16 through NY4 DC 2 (ping: 141.59 ms)
0	23:19:19.462	'1600030859': login datacenter on ICMarkets-Live16 through NY4 DC 2 (ping: 141.59 ms)
0	23:19:20.084	'1600030859': previous successful authorization performed from 190.232.110.59
1	23:22:15.412	'1600030859': datacenter connecting failed [6]
1	23:22:15.641	'1600030859': connect failed [No connection]
0	23:22:22.397	'1600030859': login on ICMarkets-Live16 through SYD_DC01_AWS (ping: n/a)
0	23:22:55.053	'1600030859': login datacenter on ICMarkets-Live16 through SYD_DC01_AWS (ping: n/a)
0	23:23:11.674	'1600030859': previous successful authorization performed from 190.232.110.59
0	23:26:42.365	'1600030859': ping to current access point SYD_DC01_AWS is 775.53 ms
1	23:28:28.568	'1600030859': datacenter connecting failed [6]
0	23:28:30.999	'1600030859': login on ICMarkets-Live16 through SYD_DC01_AWS (ping: 775.53 ms)
0	23:28:38.708	'1600030859': login on ICMarkets-Live16 through SYD_DC01_AWS (ping: 775.53 ms)
0	23:28:44.089	'1600030859': login datacenter on ICMarkets-Live16 through SYD_DC01_AWS (ping: 775.53 ms)
0	23:28:45.318	'1600030859': previous successful authorization performed from 190.232.110.59
1	23:43:25.190	'1600030859': ping failed
1	23:43:25.190	'1600030859': datacenter connecting failed [6]
1	23:43:25.831	'1600030859': connect failed [No connection]
0	23:43:42.698	'1600030859': login on ICMarkets-Live16 through SYD_DC01_AWS (ping: n/a)
0	23:43:48.617	'1600030859': login datacenter on ICMarkets-Live16 through SYD_DC01_AWS (ping: n/a)
0	23:43:49.940	'1600030859': previous successful authorization performed from 190.232.110.59
0	23:44:16.212	'1600030859': ping to current access point SYD_DC01_AWS is 652.25 ms
1	23:46:02.397	'1600030859': datacenter connecting failed [6]
1	23:46:02.498	'1600030859': connect failed [No connection]
0	23:46:24.261	'1600030859': login on ICMarkets-Live16 through SYD_DC01_AWS (ping: n/a)
0	23:46:56.524	'1600030859': login datacenter on ICMarkets-Live16 through SYD_DC01_AWS (ping: n/a)
0	23:46:57.757	'1600030859': previous successful authorization performed from 190.232.110.59
1	23:46:57.897	MQL5.community: authorization failed
0	23:47:11.259	'1600030859': ping to current access point SYD_DC01_AWS is 655.19 ms
1	23:47:16.956	'1600030859': ping failed
1	23:47:16.957	'1600030859': datacenter connecting failed [6]
1	23:47:17.566	'1600030859': connect failed [No connection]
0	23:47:29.240	'1600030859': login on ICMarkets-Live16 through SYD_DC01_AWS (ping: n/a)
0	23:47:34.477	'1600030859': login datacenter on ICMarkets-Live16 through SYD_DC01_AWS (ping: n/a)
0	23:47:35.717	'1600030859': previous successful authorization performed from 190.232.110.59
0	23:47:45.663	'1600030859': ping to current access point SYD_DC01_AWS is 415.07 ms
1	23:48:01.434	MQL5.community: authorization failed
1	23:48:34.941	'1600030859': ping failed
1	23:48:34.942	'1600030859': datacenter connecting failed [6]
1	23:48:35.544	'1600030859': connect failed [No connection]
0	23:51:49.464	'1600030859': login on ICMarkets-Live16 through SYD_DC01_AWS (ping: n/a)
0	23:51:54.657	'1600030859': login datacenter on ICMarkets-Live16 through SYD_DC01_AWS (ping: n/a)
0	23:52:01.941	'1600030859': login on ICMarkets-Live16 through SYD_DC01_AWS (ping: n/a)
0	23:52:07.100	'1600030859': login datacenter on ICMarkets-Live16 through SYD_DC01_AWS (ping: n/a)
0	23:52:08.414	'1600030859': previous successful authorization performed from 190.232.110.59
0	23:52:18.969	'1600030859': ping to current access point SYD_DC01_AWS is 636.11 ms
