0	00:50:43.218	'1600030859': pending order sell limit 0.01 USDCHF at 1.01005 sl: 0.00000 tp: 0.00000
0	00:50:43.432	'1600030859': order was opened : #6099359 sell limit 0.01 USDCHF at 1.01005 sl: 0.00000 tp: 0.00000
0	00:50:46.610	'1600030859': modify pending order #6099359 sell limit 0.01 USDCHF at 1.01005 sl: 0.00000 tp: 0.00000 -> price: 1.01108 sl: 0.00000 tp: 0.00000
0	00:50:46.826	'1600030859': pending order #6099359 sell limit 0.01 USDCHF was modified -> price: 1.01108 sl: 0.00000 tp: 0.00000
0	00:50:52.160	'1600030859': modify pending order #6099359 sell limit 0.01 USDCHF at 1.01108 sl: 0.00000 tp: 0.00000 -> price: 1.01005 sl: 0.00000 tp: 0.00000
0	00:50:52.473	'1600030859': pending order #6099359 sell limit 0.01 USDCHF was modified -> price: 1.01005 sl: 0.00000 tp: 0.00000
0	00:50:56.077	'1600030859': modify pending order #6099359 sell limit 0.01 USDCHF at 1.01005 sl: 0.00000 tp: 0.00000 -> price: 1.01012 sl: 0.00000 tp: 0.00000
0	00:50:56.340	'1600030859': pending order #6099359 sell limit 0.01 USDCHF was modified -> price: 1.01012 sl: 0.00000 tp: 0.00000
0	00:51:00.613	'1600030859': modify pending order #6099359 sell limit 0.01 USDCHF at 1.01012 sl: 0.00000 tp: 0.00000 -> price: 1.01003 sl: 0.00000 tp: 0.00000
0	00:51:00.824	'1600030859': pending order #6099359 sell limit 0.01 USDCHF was modified -> price: 1.01003 sl: 0.00000 tp: 0.00000
0	00:51:11.991	'1600030859': modify pending order #6099359 sell limit 0.01 USDCHF at 1.01003 sl: 0.00000 tp: 0.00000 -> price: 1.01003 sl: 1.01102 tp: 0.00000
0	00:51:12.187	'1600030859': pending order #6099359 sell limit 0.01 USDCHF was modified -> price: 1.01003 sl: 1.01102 tp: 0.00000
0	00:51:32.131	MetaTrader build 1170 stopped
0	13:39:14.429	MetaTrader build 1170 started (Pepperstone Group Limited)
0	13:39:14.429	Windows 10 Home Single Language x64, IE 11, UAC, 8 x Intel Core i7-6700HQ  @ 2.60GHz, Memory: 5565 / 8058 Mb, Disk: 759 / 919 Gb, GMT-5
0	13:39:14.429	Data Folder: C:\Users\Fidel\AppData\Roaming\MetaQuotes\Terminal\3294B546D50FEEDA6BF3CFC7CF858DB7
0	13:39:18.296	'1600030859': login on ICMarkets-Live16 through NY4 DC 3 (ping: 122.12 ms)
0	13:39:20.180	'1600030859': login datacenter on ICMarkets-Live16 through NY4 DC 3 (ping: 122.12 ms)
0	13:39:20.540	'1600030859': previous successful authorization performed from 54.187.137.157
0	13:39:47.244	'1600030859': auto connecting to a better access point Vir_DC01_AWS (ping is 132.52 ms)
0	13:39:48.628	'1600030859': login on ICMarkets-Live16 through Vir_DC01_AWS (ping: 132.52 ms)
0	13:39:50.678	'1600030859': login datacenter on ICMarkets-Live16 through Vir_DC01_AWS (ping: 132.52 ms)
0	13:39:51.302	'1600030859': previous successful authorization performed from 190.239.85.241
0	13:44:50.860	'1600030859': order buy market 1.01 NZDCAD sl: 0.00000 tp: 0.00000
1	13:44:51.176	'1600030859': order buy 1.01 NZDCAD opening at market sl: 0.00000 tp: 0.00000 failed [Not enough money]
0	13:44:55.589	'1600030859': order buy market 0.01 NZDCAD sl: 0.00000 tp: 0.00000
0	13:44:55.956	'1600030859': order was opened : #6296189 buy 0.01 NZDCAD at 0.89415 sl: 0.00000 tp: 0.00000
0	13:44:57.548	'1600030859': modify order #6296189 buy 0.01 NZDCAD at 0.89415 sl: 0.00000 tp: 0.00000 -> sl: 0.89106 tp: 0.00000
0	13:44:57.895	'1600030859': order #6296189 buy 0.01 NZDCAD at 0.89415 was modified -> sl: 0.89106 tp: 0.00000
0	13:46:43.417	MetaTrader build 1170 stopped
0	17:07:41.215	MetaTrader build 1170 started (Pepperstone Group Limited)
0	17:07:41.215	Windows 10 Home Single Language x64, IE 11, UAC, 8 x Intel Core i7-6700HQ  @ 2.60GHz, Memory: 3827 / 8058 Mb, Disk: 755 / 919 Gb, GMT-5
0	17:07:41.215	Data Folder: C:\Users\Fidel\AppData\Roaming\MetaQuotes\Terminal\3294B546D50FEEDA6BF3CFC7CF858DB7
0	17:07:47.736	'1600030859': login on ICMarkets-Live16 through Vir_DC01_AWS (ping: 132.52 ms)
0	17:07:50.433	'1600030859': login datacenter on ICMarkets-Live16 through Vir_DC01_AWS (ping: 132.52 ms)
0	17:07:50.961	'1600030859': previous successful authorization performed from 190.234.106.154
0	17:08:11.369	'1600030859': auto connecting to a better access point NY4 DC 1 (ping is 124.78 ms)
1	17:08:12.199	'1600030859': connect failed [No connection]
0	17:08:18.053	'1600030859': login on ICMarkets-Live16 through NY4 DC 1 (ping: 124.78 ms)
0	17:08:19.318	'1600030859': login datacenter on ICMarkets-Live16 through NY4 DC 1 (ping: 124.78 ms)
0	17:08:19.725	'1600030859': previous successful authorization performed from 190.234.106.154
0	17:18:29.817	'1600030859': modify order #6296189 buy 0.01 NZDCAD at 0.89415 sl: 0.89106 tp: 0.00000 -> sl: 0.89106 tp: 0.92729
0	17:18:30.015	'1600030859': order #6296189 buy 0.01 NZDCAD at 0.89415 was modified -> sl: 0.89106 tp: 0.92729
0	17:18:34.749	MetaTrader build 1170 stopped
0	17:40:17.705	MetaTrader build 1170 started (Pepperstone Group Limited)
0	17:40:17.705	Windows 10 Home Single Language x64, IE 11, UAC, 8 x Intel Core i7-6700HQ  @ 2.60GHz, Memory: 4217 / 8058 Mb, Disk: 754 / 919 Gb, GMT-5
0	17:40:17.705	Data Folder: C:\Users\Fidel\AppData\Roaming\MetaQuotes\Terminal\3294B546D50FEEDA6BF3CFC7CF858DB7
0	17:40:21.419	'1600030859': login on ICMarkets-Live16 through NY4 DC 1 (ping: 124.78 ms)
0	17:40:23.506	'1600030859': login datacenter on ICMarkets-Live16 through NY4 DC 1 (ping: 124.78 ms)
0	17:40:24.018	'1600030859': previous successful authorization performed from 190.239.85.89
0	17:57:03.986	MetaTrader build 1170 stopped
0	18:07:20.120	MetaTrader build 1170 started (Pepperstone Group Limited)
0	18:07:20.120	Windows 10 Home Single Language x64, IE 11, UAC, 8 x Intel Core i7-6700HQ  @ 2.60GHz, Memory: 4303 / 8058 Mb, Disk: 754 / 919 Gb, GMT-5
0	18:07:20.120	Data Folder: C:\Users\Fidel\AppData\Roaming\MetaQuotes\Terminal\3294B546D50FEEDA6BF3CFC7CF858DB7
0	18:07:24.448	'1600030859': login on ICMarkets-Live16 through NY4 DC 1 (ping: 124.78 ms)
0	18:07:28.067	'1600030859': login datacenter on ICMarkets-Live16 through NY4 DC 1 (ping: 124.78 ms)
0	18:07:28.637	'1600030859': previous successful authorization performed from 190.239.85.89
0	18:07:37.100	MetaTrader build 1170 stopped
