0	21:21:44.690	MetaTrader build 1170 started (Pepperstone Group Limited)
0	21:21:44.690	Windows 10 Home Single Language x64, IE 11, UAC, 8 x Intel Core i7-6700HQ  @ 2.60GHz, Memory: 12109 / 16250 Mb, Disk: 773 / 919 Gb, GMT-5
0	21:21:44.690	Data Folder: C:\Users\Fidel\AppData\Roaming\MetaQuotes\Terminal\3294B546D50FEEDA6BF3CFC7CF858DB7
0	21:22:02.814	'1600030859': login on ICMarkets-Live16 through ICM-DC-NCUS (ping: 223.73 ms)
0	21:22:20.088	'1600030859': login datacenter on ICMarkets-Live16 through ICM-DC-NCUS (ping: 223.73 ms)
0	21:22:20.999	'1600030859': previous successful authorization performed from 18.237.205.127
0	21:22:51.239	'1600030859': auto connecting to a better access point Vir_DC01_AWS (ping is 119.41 ms)
3	21:22:59.176	LiveUpdate: timeout on stop
0	21:22:59.533	MetaTrader build 1170 stopped
0	21:53:42.554	MetaTrader build 1170 started (Pepperstone Group Limited)
0	21:53:42.554	Windows 10 Home Single Language x64, IE 11, UAC, 8 x Intel Core i7-6700HQ  @ 2.60GHz, Memory: 12434 / 16250 Mb, Disk: 763 / 919 Gb, GMT-5
0	21:53:42.554	Data Folder: C:\Users\Fidel\AppData\Roaming\MetaQuotes\Terminal\3294B546D50FEEDA6BF3CFC7CF858DB7
0	21:53:49.614	'1600030859': login on ICMarkets-Live16 through Vir_DC01_AWS (ping: 119.41 ms)
0	21:53:52.487	'1600030859': login datacenter on ICMarkets-Live16 through Vir_DC01_AWS (ping: 119.41 ms)
0	21:53:52.999	'1600030859': previous successful authorization performed from 190.238.165.133
0	21:55:22.684	'1600030859': pending order buy limit 0.01 GBPUSD at 1.26245 sl: 0.00000 tp: 0.00000
0	21:55:22.892	'1600030859': order was opened : #11221139 buy limit 0.01 GBPUSD at 1.26245 sl: 0.00000 tp: 0.00000
0	21:55:37.667	'1600030859': modify pending order #11221139 buy limit 0.01 GBPUSD at 1.26245 sl: 0.00000 tp: 0.00000 -> price: 1.26245 sl: 1.26045 tp: 0.00000
0	21:55:37.951	'1600030859': pending order #11221139 buy limit 0.01 GBPUSD was modified -> price: 1.26245 sl: 1.26045 tp: 0.00000
0	21:55:46.585	MetaTrader build 1170 stopped
