0	20:43:35.533	MetaTrader build 1170 started (Pepperstone Group Limited)
0	20:43:35.534	Windows 10 Home Single Language x64, IE 11, UAC, 8 x Intel Core i7-6700HQ  @ 2.60GHz, Memory: 3008 / 8058 Mb, Disk: 795 / 919 Gb, GMT-5
0	20:43:35.534	Data Folder: C:\Users\Fidel\AppData\Roaming\MetaQuotes\Terminal\3294B546D50FEEDA6BF3CFC7CF858DB7
0	20:43:38.972	'1078623': login on Pepperstone-Demo01 through NY DC (ping: 128.83 ms)
0	20:43:40.723	'1078623': login datacenter on Pepperstone-Demo01 through NY DC (ping: 128.83 ms)
0	20:43:41.641	'1078623': previous successful authorization performed from 190.239.73.220
0	20:43:43.558	'1078623': ping to current access point NY DC is 135.10 ms
0	20:45:05.967	MetaTrader build 1170 stopped
0	21:31:15.163	MetaTrader build 1170 started (Pepperstone Group Limited)
0	21:31:15.163	Windows 10 Home Single Language x64, IE 11, UAC, 8 x Intel Core i7-6700HQ  @ 2.60GHz, Memory: 3311 / 8058 Mb, Disk: 799 / 919 Gb, GMT-5
0	21:31:15.163	Data Folder: C:\Users\Fidel\AppData\Roaming\MetaQuotes\Terminal\3294B546D50FEEDA6BF3CFC7CF858DB7
0	21:31:17.875	'1078623': login on Pepperstone-Demo01 through NY DC (ping: 135.10 ms)
0	21:31:19.879	'1078623': login datacenter on Pepperstone-Demo01 through NY DC (ping: 135.10 ms)
0	21:31:20.443	'1078623': previous successful authorization performed from 54.202.204.244
0	21:32:24.540	'1078623': one click trading has been enabled
0	21:32:26.560	'1078623': modify order #139182977 buy 1.00 XAUUSD at 1316.56 sl: 1313.19 tp: 1340.83 -> sl: 1316.42 tp: 1340.83
0	21:32:26.863	'1078623': order #139182977 buy 1.00 XAUUSD at 1316.56 was modified -> sl: 1316.42 tp: 1340.83
0	21:32:33.210	'1078623': modify order #139182977 buy 1.00 XAUUSD at 1316.56 sl: 1316.42 tp: 1340.83 -> sl: 1316.48 tp: 1340.83
0	21:32:33.486	'1078623': order #139182977 buy 1.00 XAUUSD at 1316.56 was modified -> sl: 1316.48 tp: 1340.83
0	21:32:35.431	MetaTrader build 1170 stopped
