0	19:04:30.436	MetaTrader build 1170 started (Pepperstone Group Limited)
0	19:04:30.436	Windows 10 Home Single Language x64, IE 11, UAC, 8 x Intel Core i7-6700HQ  @ 2.60GHz, Memory: 4162 / 8058 Mb, Disk: 767 / 919 Gb, GMT-5
0	19:04:30.436	Data Folder: C:\Users\Fidel\AppData\Roaming\MetaQuotes\Terminal\3294B546D50FEEDA6BF3CFC7CF858DB7
0	19:04:36.090	'1600030859': login on ICMarkets-Live16 through ICM-DC-EUS2 (ping: 119.34 ms)
0	19:04:38.917	'1600030859': login datacenter on ICMarkets-Live16 through ICM-DC-EUS2 (ping: 119.34 ms)
0	19:04:39.439	'1600030859': previous successful authorization performed from 190.119.190.101
0	19:05:14.648	'1600030859': auto connecting to a better access point ICM-DC-NCUS (ping is 132.24 ms)
0	19:05:16.029	'1600030859': login on ICMarkets-Live16 through ICM-DC-NCUS (ping: 132.24 ms)
0	19:05:17.672	'1600030859': login datacenter on ICMarkets-Live16 through ICM-DC-NCUS (ping: 132.24 ms)
0	19:05:18.140	'1600030859': previous successful authorization performed from 190.119.190.101
0	19:05:44.219	MetaTrader build 1170 stopped
0	19:20:04.614	MetaTrader build 1170 started (Pepperstone Group Limited)
0	19:20:04.614	Windows 10 Home Single Language x64, IE 11, UAC, 8 x Intel Core i7-6700HQ  @ 2.60GHz, Memory: 4172 / 8058 Mb, Disk: 767 / 919 Gb, GMT-5
0	19:20:04.614	Data Folder: C:\Users\Fidel\AppData\Roaming\MetaQuotes\Terminal\3294B546D50FEEDA6BF3CFC7CF858DB7
0	19:20:08.888	'1600030859': login on ICMarkets-Live16 through ICM-DC-NCUS (ping: 132.24 ms)
0	19:20:11.221	'1600030859': login datacenter on ICMarkets-Live16 through ICM-DC-NCUS (ping: 132.24 ms)
0	19:20:11.811	'1600030859': previous successful authorization performed from 190.119.190.101
0	19:24:37.164	MetaTrader build 1170 stopped
0	20:04:02.338	MetaTrader build 1170 started (Pepperstone Group Limited)
0	20:04:02.338	Windows 10 Home Single Language x64, IE 11, UAC, 8 x Intel Core i7-6700HQ  @ 2.60GHz, Memory: 4591 / 8058 Mb, Disk: 767 / 919 Gb, GMT-5
0	20:04:02.338	Data Folder: C:\Users\Fidel\AppData\Roaming\MetaQuotes\Terminal\3294B546D50FEEDA6BF3CFC7CF858DB7
0	20:04:05.916	'1600030859': login on ICMarkets-Live16 through ICM-DC-NCUS (ping: 132.24 ms)
0	20:04:08.640	'1600030859': login datacenter on ICMarkets-Live16 through ICM-DC-NCUS (ping: 132.24 ms)
0	20:04:09.175	'1600030859': previous successful authorization performed from 190.119.190.101
0	20:07:31.220	'1600030859': order sell market 1.00 US500 sl: 0.00 tp: 0.00
1	20:07:31.464	'1600030859': order sell 1.00 US500 opening at market sl: 0.00 tp: 0.00 failed [Not enough money]
0	20:12:45.459	MetaTrader build 1170 stopped
0	20:28:07.468	MetaTrader build 1170 started (Pepperstone Group Limited)
0	20:28:07.468	Windows 10 Home Single Language x64, IE 11, UAC, 8 x Intel Core i7-6700HQ  @ 2.60GHz, Memory: 4722 / 8058 Mb, Disk: 767 / 919 Gb, GMT-5
0	20:28:07.468	Data Folder: C:\Users\Fidel\AppData\Roaming\MetaQuotes\Terminal\3294B546D50FEEDA6BF3CFC7CF858DB7
0	20:28:10.724	'1600030859': login on ICMarkets-Live16 through ICM-DC-NCUS (ping: 132.24 ms)
0	20:28:13.472	'1600030859': login datacenter on ICMarkets-Live16 through ICM-DC-NCUS (ping: 132.24 ms)
0	20:28:13.908	'1600030859': previous successful authorization performed from 190.119.190.101
0	20:28:42.884	'1600030859': auto connecting to a better access point NY4 DC 2 (ping is 103.97 ms)
0	20:29:05.736	'1600030859': login on ICMarkets-Live16 through ICM-DC-NCUS (ping: 132.18 ms)
0	20:29:07.597	'1600030859': login datacenter on ICMarkets-Live16 through ICM-DC-NCUS (ping: 132.18 ms)
0	20:29:08.160	'1600030859': previous successful authorization performed from 190.119.190.101
0	20:31:26.516	MetaTrader build 1170 stopped
0	21:19:54.078	MetaTrader build 1170 started (Pepperstone Group Limited)
0	21:19:54.078	Windows 10 Home Single Language x64, IE 11, UAC, 8 x Intel Core i7-6700HQ  @ 2.60GHz, Memory: 3530 / 8058 Mb, Disk: 767 / 919 Gb, GMT-5
0	21:19:54.078	Data Folder: C:\Users\Fidel\AppData\Roaming\MetaQuotes\Terminal\3294B546D50FEEDA6BF3CFC7CF858DB7
0	21:19:58.153	'1600030859': login on ICMarkets-Live16 through ICM-DC-NCUS (ping: 132.18 ms)
0	21:20:00.910	'1600030859': login datacenter on ICMarkets-Live16 through ICM-DC-NCUS (ping: 132.18 ms)
0	21:20:01.450	'1600030859': previous successful authorization performed from 190.119.190.101
0	21:20:45.001	MetaTrader build 1170 stopped
