0	10:06:38.066	MetaTrader build 1170 started (Pepperstone Group Limited)
0	10:06:38.066	Windows 10 Home Single Language x64, IE 11, UAC, 8 x Intel Core i7-6700HQ  @ 2.60GHz, Memory: 2746 / 8058 Mb, Disk: 753 / 919 Gb, GMT-5
0	10:06:38.066	Data Folder: C:\Users\Fidel\AppData\Roaming\MetaQuotes\Terminal\3294B546D50FEEDA6BF3CFC7CF858DB7
1	10:06:41.395	MQL Base: failed connect to server
1	10:06:44.889	'1600030859': connect failed [No connection]
1	10:06:44.964	MQL5.community: authorization failed
0	10:06:52.561	MetaTrader build 1170 stopped
0	12:55:32.585	MetaTrader build 1170 started (Pepperstone Group Limited)
0	12:55:32.585	Windows 10 Home Single Language x64, IE 11, UAC, 8 x Intel Core i7-6700HQ  @ 2.60GHz, Memory: 4858 / 8058 Mb, Disk: 753 / 919 Gb, GMT-5
0	12:55:32.585	Data Folder: C:\Users\Fidel\AppData\Roaming\MetaQuotes\Terminal\3294B546D50FEEDA6BF3CFC7CF858DB7
0	12:55:37.295	'1600030859': login on ICMarkets-Live16 through Vir_DC01_AWS (ping: 134.52 ms)
0	12:55:40.598	'1600030859': login datacenter on ICMarkets-Live16 through Vir_DC01_AWS (ping: 134.52 ms)
0	12:55:41.229	'1600030859': previous successful authorization performed from 54.202.89.232
0	12:56:09.173	'1600030859': auto connecting to a better access point NY4 DC 1 (ping is 123.17 ms)
0	12:56:10.621	'1600030859': login on ICMarkets-Live16 through NY4 DC 1 (ping: 123.17 ms)
0	12:56:11.871	'1600030859': login datacenter on ICMarkets-Live16 through NY4 DC 1 (ping: 123.17 ms)
0	12:56:12.307	'1600030859': previous successful authorization performed from 190.239.86.115
0	12:56:16.472	'1600030859': order sell market 0.02 USDCHF sl: 0.00000 tp: 0.00000
0	12:56:16.712	'1600030859': order was opened : #7905083 sell 0.02 USDCHF at 1.01382 sl: 0.00000 tp: 0.00000
0	12:56:34.502	'1600030859': modify order #7905083 sell 0.02 USDCHF at 1.01382 sl: 0.00000 tp: 0.00000 -> sl: 1.01667 tp: 0.00000
0	12:56:34.676	'1600030859': order #7905083 sell 0.02 USDCHF at 1.01382 was modified -> sl: 1.01667 tp: 0.00000
0	12:57:15.383	'1600030859': modify order #7905083 sell 0.02 USDCHF at 1.01382 sl: 1.01667 tp: 0.00000 -> sl: 1.01667 tp: 0.99132
0	12:57:15.554	'1600030859': order #7905083 sell 0.02 USDCHF at 1.01382 was modified -> sl: 1.01667 tp: 0.99132
0	12:58:34.850	'1600030859': pending order sell limit 0.02 USDCHF at 1.01635 sl: 0.00000 tp: 0.00000
0	12:58:35.036	'1600030859': order was opened : #7906028 sell limit 0.02 USDCHF at 1.01635 sl: 0.00000 tp: 0.00000
0	12:58:42.758	'1600030859': modify pending order #7906028 sell limit 0.02 USDCHF at 1.01635 sl: 0.00000 tp: 0.00000 -> price: 1.01592 sl: 0.00000 tp: 0.00000
0	12:58:42.963	'1600030859': pending order #7906028 sell limit 0.02 USDCHF was modified -> price: 1.01592 sl: 0.00000 tp: 0.00000
0	12:58:58.889	'1600030859': modify pending order #7906028 sell limit 0.02 USDCHF at 1.01592 sl: 0.00000 tp: 0.00000 -> price: 1.01592 sl: 1.01675 tp: 0.00000
0	12:58:59.069	'1600030859': pending order #7906028 sell limit 0.02 USDCHF was modified -> price: 1.01592 sl: 1.01675 tp: 0.00000
0	13:05:15.341	'1600030859': modify order #7905083 sell 0.02 USDCHF at 1.01382 sl: 1.01667 tp: 0.99132 -> sl: 1.01667 tp: 1.00785
0	13:05:15.539	'1600030859': order #7905083 sell 0.02 USDCHF at 1.01382 was modified -> sl: 1.01667 tp: 1.00785
0	13:08:17.420	MetaTrader build 1170 stopped
0	14:00:17.472	MetaTrader build 1170 started (Pepperstone Group Limited)
0	14:00:17.472	Windows 10 Home Single Language x64, IE 11, UAC, 8 x Intel Core i7-6700HQ  @ 2.60GHz, Memory: 4600 / 8058 Mb, Disk: 753 / 919 Gb, GMT-5
0	14:00:17.472	Data Folder: C:\Users\Fidel\AppData\Roaming\MetaQuotes\Terminal\3294B546D50FEEDA6BF3CFC7CF858DB7
0	14:00:20.252	'1600030859': login on ICMarkets-Live16 through NY4 DC 1 (ping: 123.17 ms)
0	14:00:23.384	'1600030859': login datacenter on ICMarkets-Live16 through NY4 DC 1 (ping: 123.17 ms)
0	14:00:23.871	'1600030859': previous successful authorization performed from 190.239.86.115
0	14:00:52.933	'1600030859': auto connecting to a better access point Vir_DC01_AWS (ping is 127.67 ms)
0	14:00:54.585	'1600030859': login on ICMarkets-Live16 through Vir_DC01_AWS (ping: 127.67 ms)
0	14:00:56.049	'1600030859': login datacenter on ICMarkets-Live16 through Vir_DC01_AWS (ping: 127.67 ms)
0	14:00:56.565	'1600030859': previous successful authorization performed from 190.234.105.204
1	14:01:16.267	'1600030859': ping failed
1	14:01:16.271	'1600030859': datacenter connecting failed [6]
0	14:01:16.934	'1600030859': login on ICMarkets-Live16 through NY4 DC 1 (ping: 118.28 ms)
0	14:01:18.992	'1600030859': login datacenter on ICMarkets-Live16 through NY4 DC 1 (ping: 118.28 ms)
0	14:01:20.013	'1600030859': previous successful authorization performed from 190.234.105.204
0	14:04:33.761	'1600030859': modify order #7929117 sell 0.02 EURUSD at 1.12206 sl: 1.12200 tp: 0.00000 -> sl: 1.12182 tp: 0.00000
0	14:04:33.970	'1600030859': order #7929117 sell 0.02 EURUSD at 1.12206 was modified -> sl: 1.12182 tp: 0.00000
0	14:04:44.628	'1600030859': modify order #7929117 sell 0.02 EURUSD at 1.12206 sl: 1.12182 tp: 0.00000 -> sl: 1.12182 tp: 1.11745
0	14:04:44.830	'1600030859': order #7929117 sell 0.02 EURUSD at 1.12206 was modified -> sl: 1.12182 tp: 1.11745
0	14:04:56.420	'1600030859': modify order #7929254 sell 0.01 EURUSD at 1.12196 sl: 1.12200 tp: 0.00000 -> sl: 1.12200 tp: 1.11786
0	14:04:56.614	'1600030859': order #7929254 sell 0.01 EURUSD at 1.12196 was modified -> sl: 1.12200 tp: 1.11786
0	14:05:03.451	'1600030859': modify order #7929117 sell 0.02 EURUSD at 1.12206 sl: 1.12182 tp: 1.11745 -> sl: 1.12182 tp: 1.11171
0	14:05:03.800	'1600030859': order #7929117 sell 0.02 EURUSD at 1.12206 was modified -> sl: 1.12182 tp: 1.11171
0	14:05:06.967	'1600030859': modify order #7929254 sell 0.01 EURUSD at 1.12196 sl: 1.12200 tp: 1.11786 -> sl: 1.12200 tp: 1.11200
0	14:05:07.203	'1600030859': order #7929254 sell 0.01 EURUSD at 1.12196 was modified -> sl: 1.12200 tp: 1.11200
0	14:15:07.635	'1600030859': close order #7929254 sell 0.01 EURUSD at 1.12196 sl: 1.12200 tp: 1.11200 at price 0.00000
0	14:15:07.868	'1600030859': order #7929254 sell 0.01 EURUSD at 1.12196 sl: 1.12200 tp: 1.11200 closed at price 1.11996
0	14:16:07.160	MetaTrader build 1170 stopped
