0	23:07:39.081	MetaTrader build 1170 started (Pepperstone Group Limited)
0	23:07:39.081	Windows 10 Home Single Language x64, IE 11, UAC, 8 x Intel Core i7-6700HQ  @ 2.60GHz, Memory: 10907 / 16250 Mb, Disk: 741 / 919 Gb, GMT-5
0	23:07:39.081	Data Folder: C:\Users\Fidel\AppData\Roaming\MetaQuotes\Terminal\3294B546D50FEEDA6BF3CFC7CF858DB7
1	23:07:49.610	MQL Base: failed connect to server
1	23:07:58.970	'1600028698': connect failed [No connection]
1	23:07:59.023	MQL5.community: authorization failed
1	23:07:59.174	MQL5.community: authorization failed
0	23:11:41.987	System to be shutdown, request for close MetaTrader
0	23:11:43.221	MetaTrader build 1170 stopped because system shutdown
0	23:20:21.326	MetaTrader build 1170 started (Pepperstone Group Limited)
0	23:20:21.326	Windows 10 Home Single Language x64, IE 11, UAC, 8 x Intel Core i7-6700HQ  @ 2.60GHz, Memory: 12183 / 16250 Mb, Disk: 744 / 919 Gb, GMT-5
0	23:20:21.326	Data Folder: C:\Users\Fidel\AppData\Roaming\MetaQuotes\Terminal\3294B546D50FEEDA6BF3CFC7CF858DB7
0	23:20:35.258	'1600028698': login on ICMarkets-Live16 through NY4 DC 1 (ping: 123.39 ms)
0	23:20:39.809	'1600028698': login datacenter on ICMarkets-Live16 through NY4 DC 1 (ping: 123.39 ms)
0	23:20:40.198	'1600028698': previous successful authorization performed from 34.220.181.114
0	23:21:07.126	'1600028698': auto connecting to a better access point Vir_DC01_AWS (ping is 131.65 ms)
0	23:21:08.602	'1600028698': login on ICMarkets-Live16 through Vir_DC01_AWS (ping: 131.65 ms)
0	23:21:09.883	'1600028698': login datacenter on ICMarkets-Live16 through Vir_DC01_AWS (ping: 131.65 ms)
0	23:21:10.294	'1600028698': previous successful authorization performed from 190.234.120.48
1	23:27:30.300	'1600028698': ping failed
1	23:27:30.302	'1600028698': datacenter connecting failed [6]
0	23:27:31.639	'1600028698': login on ICMarkets-Live16 through NY4 DC 1 (ping: 122.88 ms)
0	23:27:36.329	'1600028698': login datacenter on ICMarkets-Live16 through NY4 DC 1 (ping: 122.88 ms)
0	23:27:37.870	'1600028698': previous successful authorization performed from 34.220.181.114
0	23:50:02.944	MetaTrader build 1170 stopped
