0	01:57:27.806	MetaTrader build 1170 started (Pepperstone Group Limited)
0	01:57:27.806	Windows 10 Home Single Language x64, IE 11, UAC, 8 x Intel Core i7-6700HQ  @ 2.60GHz, Memory: 13078 / 16250 Mb, Disk: 762 / 919 Gb, GMT-5
0	01:57:27.806	Data Folder: C:\Users\Fidel\AppData\Roaming\MetaQuotes\Terminal\3294B546D50FEEDA6BF3CFC7CF858DB7
0	01:57:38.322	'1600028698': login on ICMarkets-Live16 through Vir_DC01_AWS (ping: 125.91 ms)
0	01:57:42.515	'1600028698': login datacenter on ICMarkets-Live16 through Vir_DC01_AWS (ping: 125.91 ms)
0	01:57:42.918	'1600028698': previous successful authorization performed from 190.234.120.242
0	01:58:22.749	'1600028698': ping to current access point Vir_DC01_AWS is 151.35 ms
0	02:00:04.223	'1600028698': order #16747159 buy 0.05 USDCAD at 1.32038 closed due stop-loss at price 1.31990
0	02:11:18.071	'1600028698': order sell market 0.50 EURGBP sl: 0.00000 tp: 0.00000
0	02:11:18.321	'1600028698': order was opened : #16749376 sell 0.50 EURGBP at 0.92052 sl: 0.00000 tp: 0.00000
0	02:11:38.624	'1600028698': modify order #16749376 sell 0.50 EURGBP at 0.92052 sl: 0.00000 tp: 0.00000 -> sl: 0.92111 tp: 0.00000
0	02:11:38.849	'1600028698': order #16749376 sell 0.50 EURGBP at 0.92052 was modified -> sl: 0.92111 tp: 0.00000
0	02:11:47.089	'1600028698': modify order #16749376 sell 0.50 EURGBP at 0.92052 sl: 0.92111 tp: 0.00000 -> sl: 0.92111 tp: 0.91837
0	02:11:47.344	'1600028698': order #16749376 sell 0.50 EURGBP at 0.92052 was modified -> sl: 0.92111 tp: 0.91837
0	02:15:01.832	'1600028698': modify order #16749376 sell 0.50 EURGBP at 0.92052 sl: 0.92111 tp: 0.91837 -> sl: 0.92113 tp: 0.91837
0	02:15:02.067	'1600028698': order #16749376 sell 0.50 EURGBP at 0.92052 was modified -> sl: 0.92113 tp: 0.91837
0	02:20:53.239	'1600028698': modify order #16749376 sell 0.50 EURGBP at 0.92052 sl: 0.92113 tp: 0.91837 -> sl: 0.92113 tp: 0.91871
0	02:20:53.499	'1600028698': order #16749376 sell 0.50 EURGBP at 0.92052 was modified -> sl: 0.92113 tp: 0.91871
0	02:21:19.103	'1600028698': modify order #16749376 sell 0.50 EURGBP at 0.92052 sl: 0.92113 tp: 0.91871 -> sl: 0.92113 tp: 0.91868
0	02:21:19.360	'1600028698': order #16749376 sell 0.50 EURGBP at 0.92052 was modified -> sl: 0.92113 tp: 0.91868
0	02:23:27.894	'1600028698': modify order #16749376 sell 0.50 EURGBP at 0.92052 sl: 0.92113 tp: 0.91868 -> sl: 0.92113 tp: 0.91886
0	02:23:28.239	'1600028698': order #16749376 sell 0.50 EURGBP at 0.92052 was modified -> sl: 0.92113 tp: 0.91886
0	02:26:02.070	'1600028698': modify order #16749376 sell 0.50 EURGBP at 0.92052 sl: 0.92113 tp: 0.91886 -> sl: 0.92113 tp: 0.91341
0	02:26:02.266	'1600028698': order #16749376 sell 0.50 EURGBP at 0.92052 was modified -> sl: 0.92113 tp: 0.91341
0	02:26:08.543	'1600028698': modify order #16749376 sell 0.50 EURGBP at 0.92052 sl: 0.92113 tp: 0.91341 -> sl: 0.92113 tp: 0.91118
0	02:26:08.837	'1600028698': order #16749376 sell 0.50 EURGBP at 0.92052 was modified -> sl: 0.92113 tp: 0.91118
0	02:27:05.606	'1600028698': modify order #16749376 sell 0.50 EURGBP at 0.92052 sl: 0.92113 tp: 0.91118 -> sl: 0.92113 tp: 0.91724
0	02:27:05.858	'1600028698': order #16749376 sell 0.50 EURGBP at 0.92052 was modified -> sl: 0.92113 tp: 0.91724
0	02:27:22.879	'1600028698': modify order #16749376 sell 0.50 EURGBP at 0.92052 sl: 0.92113 tp: 0.91724 -> sl: 0.92113 tp: 0.91895
0	02:27:23.179	'1600028698': order #16749376 sell 0.50 EURGBP at 0.92052 was modified -> sl: 0.92113 tp: 0.91895
0	02:29:40.231	'1600028698': modify order #16749376 sell 0.50 EURGBP at 0.92052 sl: 0.92113 tp: 0.91895 -> sl: 0.92113 tp: 0.91689
0	02:29:40.525	'1600028698': order #16749376 sell 0.50 EURGBP at 0.92052 was modified -> sl: 0.92113 tp: 0.91689
0	02:31:59.858	'1600028698': close order #16749376 sell 0.50 EURGBP at 0.92052 sl: 0.92113 tp: 0.91689 at price 0.00000
0	02:32:00.178	'1600028698': order #16749376 sell 0.50 EURGBP at 0.92052 sl: 0.92113 tp: 0.91689 closed at price 0.92033
0	02:33:14.839	'1600028698': order sell market 0.20 EURGBP sl: 0.00000 tp: 0.00000
0	02:33:15.142	'1600028698': order was opened : #16751149 sell 0.20 EURGBP at 0.92044 sl: 0.00000 tp: 0.00000
0	02:33:26.184	'1600028698': modify order #16751149 sell 0.20 EURGBP at 0.92044 sl: 0.00000 tp: 0.00000 -> sl: 0.92128 tp: 0.00000
0	02:33:26.422	'1600028698': order #16751149 sell 0.20 EURGBP at 0.92044 was modified -> sl: 0.92128 tp: 0.00000
0	02:33:36.262	'1600028698': modify order #16751149 sell 0.20 EURGBP at 0.92044 sl: 0.92128 tp: 0.00000 -> sl: 0.92128 tp: 0.91922
0	02:33:36.459	'1600028698': order #16751149 sell 0.20 EURGBP at 0.92044 was modified -> sl: 0.92128 tp: 0.91922
0	02:33:50.251	'1600028698': modify order #16751149 sell 0.20 EURGBP at 0.92044 sl: 0.92128 tp: 0.91922 -> sl: 0.92128 tp: 0.91910
0	02:33:50.484	'1600028698': order #16751149 sell 0.20 EURGBP at 0.92044 was modified -> sl: 0.92128 tp: 0.91910
0	02:34:02.503	'1600028698': modify order #16751149 sell 0.20 EURGBP at 0.92044 sl: 0.92128 tp: 0.91910 -> sl: 0.92096 tp: 0.91910
0	02:34:02.713	'1600028698': order #16751149 sell 0.20 EURGBP at 0.92044 was modified -> sl: 0.92096 tp: 0.91910
0	02:34:59.509	'1600028698': modify order #16751149 sell 0.20 EURGBP at 0.92044 sl: 0.92096 tp: 0.91910 -> sl: 0.92090 tp: 0.91910
0	02:34:59.759	'1600028698': order #16751149 sell 0.20 EURGBP at 0.92044 was modified -> sl: 0.92090 tp: 0.91910
0	02:35:49.079	'1600028698': order #16751149 sell 0.20 EURGBP at 0.92044 closed due stop-loss at price 0.92090
0	02:48:07.345	'1600028698': order buy market 0.02 USDJPY sl: 0.000 tp: 0.000
0	02:48:07.688	'1600028698': order was opened : #16752279 buy 0.02 USDJPY at 106.429 sl: 0.000 tp: 0.000
0	02:48:20.104	'1600028698': modify order #16752279 buy 0.02 USDJPY at 106.429 sl: 0.000 tp: 0.000 -> sl: 106.074 tp: 0.000
0	02:48:20.348	'1600028698': order #16752279 buy 0.02 USDJPY at 106.429 was modified -> sl: 106.074 tp: 0.000
0	02:48:38.064	'1600028698': modify order #16752279 buy 0.02 USDJPY at 106.429 sl: 106.074 tp: 0.000 -> sl: 106.074 tp: 107.019
0	02:48:38.317	'1600028698': order #16752279 buy 0.02 USDJPY at 106.429 was modified -> sl: 106.074 tp: 107.019
0	02:49:45.250	'1600028698': order sell market 0.01 EURGBP sl: 0.00000 tp: 0.00000
0	02:49:45.604	'1600028698': order was opened : #16752387 sell 0.01 EURGBP at 0.92067 sl: 0.00000 tp: 0.00000
0	02:49:57.232	'1600028698': modify order #16752387 sell 0.01 EURGBP at 0.92067 sl: 0.00000 tp: 0.00000 -> sl: 0.92233 tp: 0.00000
0	02:49:57.470	'1600028698': order #16752387 sell 0.01 EURGBP at 0.92067 was modified -> sl: 0.92233 tp: 0.00000
0	02:50:07.975	'1600028698': modify order #16752387 sell 0.01 EURGBP at 0.92067 sl: 0.92233 tp: 0.00000 -> sl: 0.92233 tp: 0.91680
0	02:50:08.237	'1600028698': order #16752387 sell 0.01 EURGBP at 0.92067 was modified -> sl: 0.92233 tp: 0.91680
0	02:52:20.429	'1600028698': order buy market 0.02 USDJPY sl: 0.000 tp: 0.000
0	02:52:20.673	'1600028698': order was opened : #16752609 buy 0.02 USDJPY at 106.389 sl: 0.000 tp: 0.000
0	02:52:30.312	'1600028698': modify order #16752609 buy 0.02 USDJPY at 106.389 sl: 0.000 tp: 0.000 -> sl: 106.051 tp: 0.000
0	02:52:30.731	'1600028698': order #16752609 buy 0.02 USDJPY at 106.389 was modified -> sl: 106.051 tp: 0.000
0	02:52:46.968	'1600028698': modify order #16752609 buy 0.02 USDJPY at 106.389 sl: 106.051 tp: 0.000 -> sl: 106.051 tp: 106.900
0	02:52:47.254	'1600028698': order #16752609 buy 0.02 USDJPY at 106.389 was modified -> sl: 106.051 tp: 106.900
0	02:52:50.792	'1600028698': modify order #16752609 buy 0.02 USDJPY at 106.389 sl: 106.051 tp: 106.900 -> sl: 106.051 tp: 107.244
0	02:52:51.033	'1600028698': order #16752609 buy 0.02 USDJPY at 106.389 was modified -> sl: 106.051 tp: 107.244
0	02:56:56.221	'1600028698': order sell market 0.10 EURGBP sl: 0.00000 tp: 0.00000
0	02:56:56.454	'1600028698': order was opened : #16752827 sell 0.10 EURGBP at 0.92037 sl: 0.00000 tp: 0.00000
0	02:57:05.392	'1600028698': modify order #16752827 sell 0.10 EURGBP at 0.92037 sl: 0.00000 tp: 0.00000 -> sl: 0.92119 tp: 0.00000
0	02:57:05.607	'1600028698': order #16752827 sell 0.10 EURGBP at 0.92037 was modified -> sl: 0.92119 tp: 0.00000
0	02:57:13.907	'1600028698': modify order #16752827 sell 0.10 EURGBP at 0.92037 sl: 0.92119 tp: 0.00000 -> sl: 0.92119 tp: 0.91700
0	02:57:14.186	'1600028698': order #16752827 sell 0.10 EURGBP at 0.92037 was modified -> sl: 0.92119 tp: 0.91700
0	03:18:32.529	'1600028698': modify order #16752387 sell 0.01 EURGBP at 0.92067 sl: 0.92233 tp: 0.91680 -> sl: 0.92066 tp: 0.91680
0	03:18:32.743	'1600028698': order #16752387 sell 0.01 EURGBP at 0.92067 was modified -> sl: 0.92066 tp: 0.91680
0	03:18:53.739	'1600028698': modify order #16752827 sell 0.10 EURGBP at 0.92037 sl: 0.92119 tp: 0.91700 -> sl: 0.92052 tp: 0.91700
0	03:18:53.982	'1600028698': order #16752827 sell 0.10 EURGBP at 0.92037 was modified -> sl: 0.92052 tp: 0.91700
0	03:18:54.594	'1600028698': modify order #16752387 sell 0.01 EURGBP at 0.92067 sl: 0.92066 tp: 0.91680 -> sl: 0.92064 tp: 0.91680
0	03:18:54.860	'1600028698': order #16752387 sell 0.01 EURGBP at 0.92067 was modified -> sl: 0.92064 tp: 0.91680
0	03:18:56.452	'1600028698': modify order #16752827 sell 0.10 EURGBP at 0.92037 sl: 0.92052 tp: 0.91700 -> sl: 0.92056 tp: 0.91700
0	03:18:56.631	'1600028698': order #16752827 sell 0.10 EURGBP at 0.92037 was modified -> sl: 0.92056 tp: 0.91700
0	03:19:01.762	'1600028698': modify order #16752387 sell 0.01 EURGBP at 0.92067 sl: 0.92064 tp: 0.91680 -> sl: 0.92066 tp: 0.91680
0	03:19:01.991	'1600028698': order #16752387 sell 0.01 EURGBP at 0.92067 was modified -> sl: 0.92066 tp: 0.91680
0	03:19:46.257	'1600028698': modify order #16752827 sell 0.10 EURGBP at 0.92037 sl: 0.92056 tp: 0.91700 -> sl: 0.92065 tp: 0.91700
0	03:19:46.511	'1600028698': order #16752827 sell 0.10 EURGBP at 0.92037 was modified -> sl: 0.92065 tp: 0.91700
0	03:23:58.795	'1600028698': modify order #16752827 sell 0.10 EURGBP at 0.92037 sl: 0.92065 tp: 0.91700 -> sl: 0.92094 tp: 0.91700
0	03:23:59.041	'1600028698': order #16752827 sell 0.10 EURGBP at 0.92037 was modified -> sl: 0.92094 tp: 0.91700
0	03:26:39.466	'1600028698': modify order #16752827 sell 0.10 EURGBP at 0.92037 sl: 0.92094 tp: 0.91700 -> sl: 0.92094 tp: 0.91772
0	03:26:39.675	'1600028698': order #16752827 sell 0.10 EURGBP at 0.92037 was modified -> sl: 0.92094 tp: 0.91772
0	03:34:38.746	'1600028698': modify order #16752609 buy 0.02 USDJPY at 106.389 sl: 106.051 tp: 107.244 -> sl: 106.051 tp: 107.092
0	03:34:40.175	'1600028698': order #16752609 buy 0.02 USDJPY at 106.389 was modified -> sl: 106.051 tp: 107.092
0	03:34:42.666	'1600028698': modify order #16752609 buy 0.02 USDJPY at 106.389 sl: 106.051 tp: 107.092 -> sl: 106.051 tp: 107.243
0	03:34:44.177	'1600028698': order #16752609 buy 0.02 USDJPY at 106.389 was modified -> sl: 106.051 tp: 107.243
0	03:43:00.621	'1600028698': modify order #16752827 sell 0.10 EURGBP at 0.92037 sl: 0.92094 tp: 0.91772 -> sl: 0.92039 tp: 0.91772
0	03:43:00.809	'1600028698': order #16752827 sell 0.10 EURGBP at 0.92037 was modified -> sl: 0.92039 tp: 0.91772
0	03:43:11.819	'1600028698': modify order #16752827 sell 0.10 EURGBP at 0.92037 sl: 0.92039 tp: 0.91772 -> sl: 0.92036 tp: 0.91772
0	03:43:12.138	'1600028698': order #16752827 sell 0.10 EURGBP at 0.92037 was modified -> sl: 0.92036 tp: 0.91772
0	03:59:32.835	'1600028698': modify order #16752609 buy 0.02 USDJPY at 106.389 sl: 106.051 tp: 107.243 -> sl: 106.329 tp: 107.243
0	03:59:33.087	'1600028698': order #16752609 buy 0.02 USDJPY at 106.389 was modified -> sl: 106.329 tp: 107.243
0	03:59:43.110	'1600028698': modify order #16752609 buy 0.02 USDJPY at 106.389 sl: 106.329 tp: 107.243 -> sl: 106.054 tp: 107.243
0	03:59:43.325	'1600028698': order #16752609 buy 0.02 USDJPY at 106.389 was modified -> sl: 106.054 tp: 107.243
0	04:01:23.785	'1600028698': modify order #16752387 sell 0.01 EURGBP at 0.92067 sl: 0.92066 tp: 0.91680 -> sl: 0.92066 tp: 0.91323
0	04:01:24.042	'1600028698': order #16752387 sell 0.01 EURGBP at 0.92067 was modified -> sl: 0.92066 tp: 0.91323
0	04:01:29.699	'1600028698': modify order #16752387 sell 0.01 EURGBP at 0.92067 sl: 0.92066 tp: 0.91323 -> sl: 0.92066 tp: 0.91358
0	04:01:29.895	'1600028698': order #16752387 sell 0.01 EURGBP at 0.92067 was modified -> sl: 0.92066 tp: 0.91358
0	04:07:05.604	'1600028698': modify order #16752827 sell 0.10 EURGBP at 0.92037 sl: 0.92036 tp: 0.91772 -> sl: 0.92036 tp: 0.91705
0	04:07:05.814	'1600028698': order #16752827 sell 0.10 EURGBP at 0.92037 was modified -> sl: 0.92036 tp: 0.91705
0	04:07:25.651	'1600028698': modify order #16752827 sell 0.10 EURGBP at 0.92037 sl: 0.92036 tp: 0.91705 -> sl: 0.92036 tp: 0.91777
0	04:07:25.876	'1600028698': order #16752827 sell 0.10 EURGBP at 0.92037 was modified -> sl: 0.92036 tp: 0.91777
0	04:11:36.629	'1600028698': modify order #16752387 sell 0.01 EURGBP at 0.92067 sl: 0.92066 tp: 0.91358 -> sl: 0.92066 tp: 0.90888
0	04:11:36.874	'1600028698': order #16752387 sell 0.01 EURGBP at 0.92067 was modified -> sl: 0.92066 tp: 0.90888
0	04:17:03.356	'1600028698': modify order #16752827 sell 0.10 EURGBP at 0.92037 sl: 0.92036 tp: 0.91777 -> sl: 0.91954 tp: 0.91777
0	04:17:03.558	'1600028698': order #16752827 sell 0.10 EURGBP at 0.92037 was modified -> sl: 0.91954 tp: 0.91777
0	04:17:12.524	'1600028698': modify order #16752827 sell 0.10 EURGBP at 0.92037 sl: 0.91954 tp: 0.91777 -> sl: 0.91956 tp: 0.91777
0	04:17:12.762	'1600028698': order #16752827 sell 0.10 EURGBP at 0.92037 was modified -> sl: 0.91956 tp: 0.91777
0	04:18:21.930	'1600028698': modify order #16752827 sell 0.10 EURGBP at 0.92037 sl: 0.91956 tp: 0.91777 -> sl: 0.92028 tp: 0.91777
0	04:18:22.137	'1600028698': order #16752827 sell 0.10 EURGBP at 0.92037 was modified -> sl: 0.92028 tp: 0.91777
0	04:29:19.087	'1600028698': modify order #16752827 sell 0.10 EURGBP at 0.92037 sl: 0.92028 tp: 0.91777 -> sl: 0.91924 tp: 0.91777
0	04:29:19.258	'1600028698': order #16752827 sell 0.10 EURGBP at 0.92037 was modified -> sl: 0.91924 tp: 0.91777
0	04:29:21.804	'1600028698': modify order #16752827 sell 0.10 EURGBP at 0.92037 sl: 0.91924 tp: 0.91777 -> sl: 0.91932 tp: 0.91777
0	04:29:21.994	'1600028698': order #16752827 sell 0.10 EURGBP at 0.92037 was modified -> sl: 0.91932 tp: 0.91777
0	04:29:41.918	'1600028698': modify order #16752827 sell 0.10 EURGBP at 0.92037 sl: 0.91932 tp: 0.91777 -> sl: 0.92023 tp: 0.91777
0	04:29:42.150	'1600028698': order #16752827 sell 0.10 EURGBP at 0.92037 was modified -> sl: 0.92023 tp: 0.91777
0	04:29:49.389	'1600028698': close order #16752609 buy 0.02 USDJPY at 106.389 sl: 106.054 tp: 107.243 at price 0.000
0	04:29:49.634	'1600028698': order #16752609 buy 0.02 USDJPY at 106.389 sl: 106.054 tp: 107.243 closed at price 106.392
0	04:30:22.956	'1600028698': modify order #16752827 sell 0.10 EURGBP at 0.92037 sl: 0.92023 tp: 0.91777 -> sl: 0.92035 tp: 0.91777
0	04:30:23.148	'1600028698': order #16752827 sell 0.10 EURGBP at 0.92037 was modified -> sl: 0.92035 tp: 0.91777
0	04:30:39.870	'1600028698': close order #16752827 sell 0.10 EURGBP at 0.92037 sl: 0.92035 tp: 0.91777 at price 0.00000
0	04:30:40.147	'1600028698': order #16752827 sell 0.10 EURGBP at 0.92037 sl: 0.92035 tp: 0.91777 closed at price 0.91925
0	04:36:45.756	'1600028698': modify order #16752387 sell 0.01 EURGBP at 0.92067 sl: 0.92066 tp: 0.90888 -> sl: 0.92066 tp: 0.91682
0	04:36:45.989	'1600028698': order #16752387 sell 0.01 EURGBP at 0.92067 was modified -> sl: 0.92066 tp: 0.91682
0	04:42:33.741	'1600028698': order buy market 0.01 GBPUSD sl: 0.00000 tp: 0.00000
0	04:42:34.001	'1600028698': order was opened : #16758893 buy 0.01 GBPUSD at 1.21996 sl: 0.00000 tp: 0.00000
0	04:42:38.220	'1600028698': modify order #16758893 buy 0.01 GBPUSD at 1.21996 sl: 0.00000 tp: 0.00000 -> sl: 1.21729 tp: 0.00000
0	04:42:38.454	'1600028698': order #16758893 buy 0.01 GBPUSD at 1.21996 was modified -> sl: 1.21729 tp: 0.00000
0	04:42:49.775	'1600028698': modify order #16758893 buy 0.01 GBPUSD at 1.21996 sl: 1.21729 tp: 0.00000 -> sl: 1.21729 tp: 1.23746
0	04:42:50.015	'1600028698': order #16758893 buy 0.01 GBPUSD at 1.21996 was modified -> sl: 1.21729 tp: 1.23746
0	04:43:41.893	'1600028698': modify order #16752387 sell 0.01 EURGBP at 0.92067 sl: 0.92066 tp: 0.91682 -> sl: 0.92066 tp: 0.91539
0	04:43:42.109	'1600028698': order #16752387 sell 0.01 EURGBP at 0.92067 was modified -> sl: 0.92066 tp: 0.91539
0	04:44:04.785	'1600028698': pending order buy limit 0.10 GBPUSD at 1.21917 sl: 0.00000 tp: 0.00000
0	04:44:05.035	'1600028698': order was opened : #16759059 buy limit 0.10 GBPUSD at 1.21917 sl: 0.00000 tp: 0.00000
0	04:44:20.433	'1600028698': modify pending order #16759059 buy limit 0.10 GBPUSD at 1.21917 sl: 0.00000 tp: 0.00000 -> price: 1.21917 sl: 1.21720 tp: 0.00000
0	04:44:20.626	'1600028698': pending order #16759059 buy limit 0.10 GBPUSD was modified -> price: 1.21917 sl: 1.21720 tp: 0.00000
0	04:44:25.093	'1600028698': modify pending order #16759059 buy limit 0.10 GBPUSD at 1.21917 sl: 1.21720 tp: 0.00000 -> price: 1.21917 sl: 1.21731 tp: 0.00000
0	04:44:25.330	'1600028698': pending order #16759059 buy limit 0.10 GBPUSD was modified -> price: 1.21917 sl: 1.21731 tp: 0.00000
0	04:44:37.473	'1600028698': modify order #16758893 buy 0.01 GBPUSD at 1.21996 sl: 1.21729 tp: 1.23746 -> sl: 1.21754 tp: 1.23746
0	04:44:37.673	'1600028698': order #16758893 buy 0.01 GBPUSD at 1.21996 was modified -> sl: 1.21754 tp: 1.23746
0	04:44:45.901	'1600028698': modify pending order #16759059 buy limit 0.10 GBPUSD at 1.21917 sl: 1.21731 tp: 0.00000 -> price: 1.21917 sl: 1.21844 tp: 0.00000
0	04:44:46.109	'1600028698': pending order #16759059 buy limit 0.10 GBPUSD was modified -> price: 1.21917 sl: 1.21844 tp: 0.00000
0	04:44:47.562	'1600028698': modify order #16758893 buy 0.01 GBPUSD at 1.21996 sl: 1.21754 tp: 1.23746 -> sl: 1.21716 tp: 1.23746
0	04:44:47.797	'1600028698': order #16758893 buy 0.01 GBPUSD at 1.21996 was modified -> sl: 1.21716 tp: 1.23746
0	04:44:57.901	'1600028698': delete pending order #16759059 buy limit 0.10 GBPUSD at 1.21917 sl: 1.21844 tp: 0.00000
0	04:44:58.125	'1600028698': pending order #16759059 was deleted
0	04:48:30.822	'1600028698': close order #16758893 buy 0.01 GBPUSD at 1.21996 sl: 1.21716 tp: 1.23746 at price 0.00000
0	04:48:31.079	'1600028698': order #16758893 buy 0.01 GBPUSD at 1.21996 sl: 1.21716 tp: 1.23746 closed at price 1.22007
0	04:57:32.414	'1600028698': pending order buy limit 0.02 GBPUSD at 1.21914 sl: 0.00000 tp: 0.00000
0	04:57:32.620	'1600028698': order was opened : #16759963 buy limit 0.02 GBPUSD at 1.21914 sl: 0.00000 tp: 0.00000
0	04:57:54.763	'1600028698': modify pending order #16759963 buy limit 0.02 GBPUSD at 1.21914 sl: 0.00000 tp: 0.00000 -> price: 1.21914 sl: 1.21655 tp: 0.00000
0	04:57:55.001	'1600028698': pending order #16759963 buy limit 0.02 GBPUSD was modified -> price: 1.21914 sl: 1.21655 tp: 0.00000
0	04:58:12.355	'1600028698': modify pending order #16759963 buy limit 0.02 GBPUSD at 1.21914 sl: 1.21655 tp: 0.00000 -> price: 1.21914 sl: 1.21723 tp: 0.00000
0	04:58:12.555	'1600028698': pending order #16759963 buy limit 0.02 GBPUSD was modified -> price: 1.21914 sl: 1.21723 tp: 0.00000
0	04:58:15.174	'1600028698': modify pending order #16759963 buy limit 0.02 GBPUSD at 1.21914 sl: 1.21723 tp: 0.00000 -> price: 1.21914 sl: 1.21700 tp: 0.00000
0	04:58:15.370	'1600028698': pending order #16759963 buy limit 0.02 GBPUSD was modified -> price: 1.21914 sl: 1.21700 tp: 0.00000
0	04:58:16.802	'1600028698': modify pending order #16759963 buy limit 0.02 GBPUSD at 1.21914 sl: 1.21700 tp: 0.00000 -> price: 1.21914 sl: 1.21680 tp: 0.00000
0	04:58:17.010	'1600028698': pending order #16759963 buy limit 0.02 GBPUSD was modified -> price: 1.21914 sl: 1.21680 tp: 0.00000
0	04:58:18.791	'1600028698': modify pending order #16759963 buy limit 0.02 GBPUSD at 1.21914 sl: 1.21680 tp: 0.00000 -> price: 1.21914 sl: 1.21651 tp: 0.00000
0	04:58:18.986	'1600028698': pending order #16759963 buy limit 0.02 GBPUSD was modified -> price: 1.21914 sl: 1.21651 tp: 0.00000
0	04:58:21.590	'1600028698': modify pending order #16759963 buy limit 0.02 GBPUSD at 1.21914 sl: 1.21651 tp: 0.00000 -> price: 1.21914 sl: 1.21654 tp: 0.00000
0	04:58:21.792	'1600028698': pending order #16759963 buy limit 0.02 GBPUSD was modified -> price: 1.21914 sl: 1.21654 tp: 0.00000
0	04:58:32.467	'1600028698': modify pending order #16759963 buy limit 0.02 GBPUSD at 1.21914 sl: 1.21654 tp: 0.00000 -> price: 1.21914 sl: 1.21654 tp: 1.30000
0	04:58:32.681	'1600028698': pending order #16759963 buy limit 0.02 GBPUSD was modified -> price: 1.21914 sl: 1.21654 tp: 1.30000
0	04:58:42.710	'1600028698': modify pending order #16759963 buy limit 0.02 GBPUSD at 1.21914 sl: 1.21654 tp: 1.30000 -> price: 1.21914 sl: 1.21654 tp: 1.23711
0	04:58:42.979	'1600028698': pending order #16759963 buy limit 0.02 GBPUSD was modified -> price: 1.21914 sl: 1.21654 tp: 1.23711
0	05:05:41.934	'1600028698': delete pending order #16759963 buy limit 0.02 GBPUSD at 1.21914 sl: 1.21654 tp: 1.23711
0	05:05:42.194	'1600028698': pending order #16759963 was deleted
0	05:13:20.773	MetaTrader build 1170 stopped
0	11:37:08.463	MetaTrader build 1170 started (Pepperstone Group Limited)
0	11:37:08.463	Windows 10 Home Single Language x64, IE 11, UAC, 8 x Intel Core i7-6700HQ  @ 2.60GHz, Memory: 12393 / 16250 Mb, Disk: 761 / 919 Gb, GMT-5
0	11:37:08.463	Data Folder: C:\Users\Fidel\AppData\Roaming\MetaQuotes\Terminal\3294B546D50FEEDA6BF3CFC7CF858DB7
0	11:37:31.536	'1600028698': login on ICMarkets-Live16 through Vir_DC01_AWS (ping: 151.35 ms)
0	11:37:36.805	'1600028698': login datacenter on ICMarkets-Live16 through Vir_DC01_AWS (ping: 151.35 ms)
0	11:37:37.214	'1600028698': previous successful authorization performed from 34.212.174.184
0	11:38:07.435	'1600028698': auto connecting to a better access point NY4 DC 1 (ping is 122.71 ms)
0	11:38:09.335	'1600028698': login on ICMarkets-Live16 through NY4 DC 1 (ping: 122.71 ms)
0	11:38:11.088	'1600028698': login datacenter on ICMarkets-Live16 through NY4 DC 1 (ping: 122.71 ms)
0	11:38:11.587	'1600028698': previous successful authorization performed from 190.234.120.242
0	11:42:39.286	'1600028698': order buy market 0.01 USDCHF sl: 0.00000 tp: 0.00000
0	11:42:39.488	'1600028698': order was opened : #16793469 buy 0.01 USDCHF at 0.97665 sl: 0.00000 tp: 0.00000
0	11:42:45.809	'1600028698': modify order #16793469 buy 0.01 USDCHF at 0.97665 sl: 0.00000 tp: 0.00000 -> sl: 0.97356 tp: 0.00000
0	11:42:46.055	'1600028698': order #16793469 buy 0.01 USDCHF at 0.97665 was modified -> sl: 0.97356 tp: 0.00000
0	11:43:01.554	'1600028698': modify order #16793469 buy 0.01 USDCHF at 0.97665 sl: 0.97356 tp: 0.00000 -> sl: 0.97356 tp: 0.98379
0	11:43:01.872	'1600028698': order #16793469 buy 0.01 USDCHF at 0.97665 was modified -> sl: 0.97356 tp: 0.98379
0	11:43:16.067	'1600028698': order buy market 0.05 USDCHF sl: 0.00000 tp: 0.00000
0	11:43:16.335	'1600028698': order was opened : #16793534 buy 0.05 USDCHF at 0.97700 sl: 0.00000 tp: 0.00000
0	11:43:41.719	'1600028698': modify order #16793534 buy 0.05 USDCHF at 0.97700 sl: 0.00000 tp: 0.00000 -> sl: 0.97498 tp: 0.00000
0	11:43:41.948	'1600028698': order #16793534 buy 0.05 USDCHF at 0.97700 was modified -> sl: 0.97498 tp: 0.00000
0	11:43:49.251	'1600028698': modify order #16793534 buy 0.05 USDCHF at 0.97700 sl: 0.97498 tp: 0.00000 -> sl: 0.97498 tp: 0.98060
0	11:43:49.515	'1600028698': order #16793534 buy 0.05 USDCHF at 0.97700 was modified -> sl: 0.97498 tp: 0.98060
0	11:43:58.530	'1600028698': modify order #16793534 buy 0.05 USDCHF at 0.97700 sl: 0.97498 tp: 0.98060 -> sl: 0.97498 tp: 0.98104
0	11:43:58.756	'1600028698': order #16793534 buy 0.05 USDCHF at 0.97700 was modified -> sl: 0.97498 tp: 0.98104
0	11:45:35.858	'1600028698': modify order #16793534 buy 0.05 USDCHF at 0.97700 sl: 0.97498 tp: 0.98104 -> sl: 0.97501 tp: 0.98104
0	11:45:36.042	'1600028698': order #16793534 buy 0.05 USDCHF at 0.97700 was modified -> sl: 0.97501 tp: 0.98104
0	11:45:39.274	'1600028698': modify order #16793534 buy 0.05 USDCHF at 0.97700 sl: 0.97501 tp: 0.98104 -> sl: 0.97503 tp: 0.98104
0	11:45:39.528	'1600028698': order #16793534 buy 0.05 USDCHF at 0.97700 was modified -> sl: 0.97503 tp: 0.98104
0	11:46:57.491	'1600028698': modify order #16793469 buy 0.01 USDCHF at 0.97665 sl: 0.97356 tp: 0.98379 -> sl: 0.97356 tp: 0.98168
0	11:46:57.670	'1600028698': order #16793469 buy 0.01 USDCHF at 0.97665 was modified -> sl: 0.97356 tp: 0.98168
0	11:47:06.051	'1600028698': modify order #16793534 buy 0.05 USDCHF at 0.97700 sl: 0.97503 tp: 0.98104 -> sl: 0.97503 tp: 0.98133
0	11:47:06.231	'1600028698': order #16793534 buy 0.05 USDCHF at 0.97700 was modified -> sl: 0.97503 tp: 0.98133
0	11:50:49.084	'1600028698': order sell market 0.02 EURUSD sl: 0.00000 tp: 0.00000
0	11:50:49.310	'1600028698': order was opened : #16793913 sell 0.02 EURUSD at 1.11981 sl: 0.00000 tp: 0.00000
0	11:50:52.226	'1600028698': modify order #16793913 sell 0.02 EURUSD at 1.11981 sl: 0.00000 tp: 0.00000 -> sl: 1.12199 tp: 0.00000
0	11:50:52.408	'1600028698': order #16793913 sell 0.02 EURUSD at 1.11981 was modified -> sl: 1.12199 tp: 0.00000
0	11:50:57.682	'1600028698': modify order #16793913 sell 0.02 EURUSD at 1.11981 sl: 1.12199 tp: 0.00000 -> sl: 1.12199 tp: 1.11139
0	11:50:57.858	'1600028698': order #16793913 sell 0.02 EURUSD at 1.11981 was modified -> sl: 1.12199 tp: 1.11139
0	11:51:12.068	'1600028698': modify order #16793913 sell 0.02 EURUSD at 1.11981 sl: 1.12199 tp: 1.11139 -> sl: 1.12199 tp: 1.11458
0	11:51:12.254	'1600028698': order #16793913 sell 0.02 EURUSD at 1.11981 was modified -> sl: 1.12199 tp: 1.11458
0	11:51:32.693	'1600028698': modify order #16793913 sell 0.02 EURUSD at 1.11981 sl: 1.12199 tp: 1.11458 -> sl: 1.12199 tp: 1.11483
0	11:51:32.877	'1600028698': order #16793913 sell 0.02 EURUSD at 1.11981 was modified -> sl: 1.12199 tp: 1.11483
0	11:57:37.386	'1600028698': modify order #16793913 sell 0.02 EURUSD at 1.11981 sl: 1.12199 tp: 1.11483 -> sl: 1.12199 tp: 1.11568
0	11:57:37.560	'1600028698': order #16793913 sell 0.02 EURUSD at 1.11981 was modified -> sl: 1.12199 tp: 1.11568
0	11:57:42.742	'1600028698': modify order #16793913 sell 0.02 EURUSD at 1.11981 sl: 1.12199 tp: 1.11568 -> sl: 1.12199 tp: 1.11180
0	11:57:42.923	'1600028698': order #16793913 sell 0.02 EURUSD at 1.11981 was modified -> sl: 1.12199 tp: 1.11180
0	12:00:29.371	'1600028698': modify order #16793534 buy 0.05 USDCHF at 0.97700 sl: 0.97503 tp: 0.98133 -> sl: 0.97468 tp: 0.98133
0	12:00:29.558	'1600028698': order #16793534 buy 0.05 USDCHF at 0.97700 was modified -> sl: 0.97468 tp: 0.98133
2	12:03:18.371	Custom indicator Heiken Ashi US500,H1: loaded successfully
2	12:03:21.098	Custom indicator Heiken Ashi US500,Daily: removed
0	13:48:26.993	'1600028698': close order #16793534 buy 0.05 USDCHF at 0.97700 sl: 0.97468 tp: 0.98133 at price 0.00000
0	13:48:27.213	'1600028698': order #16793534 buy 0.05 USDCHF at 0.97700 sl: 0.97468 tp: 0.98133 closed at price 0.97703
0	13:49:01.679	MetaTrader build 1170 stopped
