0	22:52:52.984	MetaTrader build 1170 started (Pepperstone Group Limited)
0	22:52:52.984	Windows 10 Home Single Language x64, IE 11, UAC, 8 x Intel Core i7-6700HQ  @ 2.60GHz, Memory: 10696 / 16250 Mb, Disk: 763 / 919 Gb, GMT-5
0	22:52:52.984	Data Folder: C:\Users\Fidel\AppData\Roaming\MetaQuotes\Terminal\3294B546D50FEEDA6BF3CFC7CF858DB7
0	22:52:57.935	'1600030859': login on ICMarkets-Live16 through NY4 DC 3 (ping: 123.37 ms)
0	22:53:02.295	'1600030859': login datacenter on ICMarkets-Live16 through NY4 DC 3 (ping: 123.37 ms)
0	22:53:03.034	'1600030859': previous successful authorization performed from 54.189.76.62
0	22:53:41.429	'1600030859': ping to current access point NY4 DC 3 is 132.00 ms
0	22:58:17.937	'1600030859': one click trading has been enabled
0	22:58:28.952	'1600030859': order buy market 0.01 USDCAD sl: 0.00000 tp: 0.00000
0	22:58:30.441	'1600030859': order was opened : #14385947 buy 0.01 USDCAD at 1.31331 sl: 0.00000 tp: 0.00000
0	22:58:44.816	'1600030859': modify order #14385947 buy 0.01 USDCAD at 1.31331 sl: 0.00000 tp: 0.00000 -> sl: 1.30593 tp: 0.00000
0	22:58:48.288	'1600030859': order #14385947 buy 0.01 USDCAD at 1.31331 was modified -> sl: 1.30593 tp: 0.00000
0	22:58:53.736	'1600030859': modify order #14385947 buy 0.01 USDCAD at 1.31331 sl: 1.30593 tp: 0.00000 -> sl: 1.30555 tp: 0.00000
0	22:58:55.317	'1600030859': order #14385947 buy 0.01 USDCAD at 1.31331 was modified -> sl: 1.30555 tp: 0.00000
0	22:59:13.360	'1600030859': modify order #14385947 buy 0.01 USDCAD at 1.31331 sl: 1.30555 tp: 0.00000 -> sl: 1.30555 tp: 1.34175
0	22:59:14.042	'1600030859': order #14385947 buy 0.01 USDCAD at 1.31331 was modified -> sl: 1.30555 tp: 1.34175
0	22:59:21.122	'1600030859': modify order #14385947 buy 0.01 USDCAD at 1.31331 sl: 1.30555 tp: 1.34175 -> sl: 1.30555 tp: 1.34241
0	22:59:21.422	'1600030859': order #14385947 buy 0.01 USDCAD at 1.31331 was modified -> sl: 1.30555 tp: 1.34241
0	22:59:46.544	'1600030859': modify order #14385947 buy 0.01 USDCAD at 1.31331 sl: 1.30555 tp: 1.34241 -> sl: 1.30555 tp: 1.33728
0	22:59:46.857	'1600030859': order #14385947 buy 0.01 USDCAD at 1.31331 was modified -> sl: 1.30555 tp: 1.33728
0	23:00:00.840	'1600030859': modify order #14385947 buy 0.01 USDCAD at 1.31331 sl: 1.30555 tp: 1.33728 -> sl: 1.30688 tp: 1.33728
0	23:00:01.570	'1600030859': order #14385947 buy 0.01 USDCAD at 1.31331 was modified -> sl: 1.30688 tp: 1.33728
0	23:01:38.175	'1600030859': order buy market 0.01 USDJPY sl: 0.000 tp: 0.000
0	23:01:39.580	'1600030859': order was opened : #14386167 buy 0.01 USDJPY at 108.419 sl: 0.000 tp: 0.000
0	23:01:44.785	'1600030859': modify order #14386167 buy 0.01 USDJPY at 108.419 sl: 0.000 tp: 0.000 -> sl: 108.077 tp: 0.000
0	23:01:45.139	'1600030859': order #14386167 buy 0.01 USDJPY at 108.419 was modified -> sl: 108.077 tp: 0.000
0	23:02:23.006	'30414736': login on ICMarkets-Demo03 through TYDC (ping: 311.96 ms)
0	23:02:42.833	'30414736': login datacenter on ICMarkets-Demo03 through TYDC (ping: 311.96 ms)
0	23:02:46.329	'30414736': previous successful authorization performed from 190.216.168.14
0	23:03:06.008	'30414736': one click trading has been enabled
0	23:04:03.352	'30414736': order sell market 0.01 XAUUSD sl: 0.00 tp: 0.00
0	23:04:05.384	'30414736': order was opened : #146329566 sell 0.01 XAUUSD at 1388.82 sl: 0.00 tp: 0.00
0	23:04:09.737	'30414736': modify order #146329566 sell 0.01 XAUUSD at 1388.82 sl: 0.00 tp: 0.00 -> sl: 1398.60 tp: 0.00
0	23:04:11.096	'30414736': ping to current access point TYDC is 872.41 ms
0	23:04:11.313	'30414736': order #146329566 sell 0.01 XAUUSD at 1388.82 was modified -> sl: 1398.60 tp: 0.00
0	23:04:36.813	'1600030859': login on ICMarkets-Live16 through NY4 DC 3 (ping: 132.00 ms)
0	23:04:55.427	'1600030859': login datacenter on ICMarkets-Live16 through NY4 DC 3 (ping: 132.00 ms)
3	23:04:55.934	Main pumping: timeout on stop
0	23:04:57.183	MetaTrader build 1170 stopped
