0	14:52:14.524	MetaTrader build 1170 started (Pepperstone Group Limited)
0	14:52:14.524	Windows 10 Home Single Language x64, IE 11, UAC, 8 x Intel Core i7-6700HQ  @ 2.60GHz, Memory: 11002 / 16250 Mb, Disk: 763 / 919 Gb, GMT-5
0	14:52:14.524	Data Folder: C:\Users\Fidel\AppData\Roaming\MetaQuotes\Terminal\3294B546D50FEEDA6BF3CFC7CF858DB7
0	14:52:19.666	'1600028698': login on ICMarkets-Live16 through Vir_DC01_AWS (ping: 121.88 ms)
0	14:52:21.594	'1600028698': login datacenter on ICMarkets-Live16 through Vir_DC01_AWS (ping: 121.88 ms)
0	14:52:21.981	'1600028698': previous successful authorization performed from 34.218.231.140
0	14:52:47.558	'1600028698': ping to current access point Vir_DC01_AWS is 128.25 ms
0	14:58:34.074	MetaTrader build 1170 stopped
0	17:14:13.511	MetaTrader build 1170 started (Pepperstone Group Limited)
0	17:14:13.511	Windows 10 Home Single Language x64, IE 11, UAC, 8 x Intel Core i7-6700HQ  @ 2.60GHz, Memory: 11467 / 16250 Mb, Disk: 762 / 919 Gb, GMT-5
0	17:14:13.511	Data Folder: C:\Users\Fidel\AppData\Roaming\MetaQuotes\Terminal\3294B546D50FEEDA6BF3CFC7CF858DB7
0	17:14:16.071	'1600028698': login on ICMarkets-Live16 through Vir_DC01_AWS (ping: 128.25 ms)
0	17:14:17.850	'1600028698': login datacenter on ICMarkets-Live16 through Vir_DC01_AWS (ping: 128.25 ms)
0	17:14:18.299	'1600028698': previous successful authorization performed from 34.218.231.140
0	17:14:43.678	'1600028698': ping to current access point Vir_DC01_AWS is 125.91 ms
0	17:18:24.383	'1600028698': order buy market 1.00 US500 sl: 0.00 tp: 0.00
0	17:18:24.941	'1600028698': order was opened : #16710335 buy 1.00 US500 at 2794.80 sl: 0.00 tp: 0.00
0	17:18:27.608	'1600028698': modify order #16710335 buy 1.00 US500 at 2794.80 sl: 0.00 tp: 0.00 -> sl: 2780.53 tp: 0.00
0	17:18:27.830	'1600028698': order #16710335 buy 1.00 US500 at 2794.80 was modified -> sl: 2780.53 tp: 0.00
0	17:18:33.278	'1600028698': modify order #16710335 buy 1.00 US500 at 2794.80 sl: 2780.53 tp: 0.00 -> sl: 2780.53 tp: 2825.74
0	17:18:33.567	'1600028698': order #16710335 buy 1.00 US500 at 2794.80 was modified -> sl: 2780.53 tp: 2825.74
0	17:18:51.887	'1600028698': modify order #16710335 buy 1.00 US500 at 2794.80 sl: 2780.53 tp: 2825.74 -> sl: 2779.65 tp: 2825.74
0	17:18:52.113	'1600028698': order #16710335 buy 1.00 US500 at 2794.80 was modified -> sl: 2779.65 tp: 2825.74
0	17:19:38.351	'1600028698': modify order #16710335 buy 1.00 US500 at 2794.80 sl: 2779.65 tp: 2825.74 -> sl: 2779.65 tp: 2820.24
0	17:19:38.612	'1600028698': order #16710335 buy 1.00 US500 at 2794.80 was modified -> sl: 2779.65 tp: 2820.24
0	17:26:25.079	'1600028698': modify order #16710335 buy 1.00 US500 at 2794.80 sl: 2779.65 tp: 2820.24 -> sl: 2782.82 tp: 2820.24
0	17:26:25.394	'1600028698': order #16710335 buy 1.00 US500 at 2794.80 was modified -> sl: 2782.82 tp: 2820.24
0	17:29:27.516	MetaTrader build 1170 stopped
