0	22:08:28.249	Migration: copied from 'C:\Program Files (x86)\Pepperstone MetaTrader 4\config\terminal.ini' to 'C:\Users\Fidel\AppData\Roaming\MetaQuotes\Terminal\3294B546D50FEEDA6BF3CFC7CF858DB7\config\terminal.ini'
0	22:08:28.283	Migration: copied from 'C:\Program Files (x86)\Pepperstone MetaTrader 4\config\Pepperstone-01.srv' to 'C:\Users\Fidel\AppData\Roaming\MetaQuotes\Terminal\3294B546D50FEEDA6BF3CFC7CF858DB7\config\Pepperstone-01.srv'
0	22:08:28.289	Migration: copied from 'C:\Program Files (x86)\Pepperstone MetaTrader 4\config\Pepperstone-Demo01.srv' to 'C:\Users\Fidel\AppData\Roaming\MetaQuotes\Terminal\3294B546D50FEEDA6BF3CFC7CF858DB7\config\Pepperstone-Demo01.srv'
0	22:08:28.298	Migration: copied from 'C:\Program Files (x86)\Pepperstone MetaTrader 4\config\Pepperstone-Demo02.srv' to 'C:\Users\Fidel\AppData\Roaming\MetaQuotes\Terminal\3294B546D50FEEDA6BF3CFC7CF858DB7\config\Pepperstone-Demo02.srv'
0	22:08:28.306	Migration: copied from 'C:\Program Files (x86)\Pepperstone MetaTrader 4\config\Pepperstone-Edge02.srv' to 'C:\Users\Fidel\AppData\Roaming\MetaQuotes\Terminal\3294B546D50FEEDA6BF3CFC7CF858DB7\config\Pepperstone-Edge02.srv'
0	22:08:28.312	Migration: copied from 'C:\Program Files (x86)\Pepperstone MetaTrader 4\config\Pepperstone-Edge03.srv' to 'C:\Users\Fidel\AppData\Roaming\MetaQuotes\Terminal\3294B546D50FEEDA6BF3CFC7CF858DB7\config\Pepperstone-Edge03.srv'
0	22:08:28.319	Migration: copied from 'C:\Program Files (x86)\Pepperstone MetaTrader 4\config\Pepperstone-Edge04.srv' to 'C:\Users\Fidel\AppData\Roaming\MetaQuotes\Terminal\3294B546D50FEEDA6BF3CFC7CF858DB7\config\Pepperstone-Edge04.srv'
0	22:08:28.326	Migration: copied from 'C:\Program Files (x86)\Pepperstone MetaTrader 4\config\Pepperstone-Edge05.srv' to 'C:\Users\Fidel\AppData\Roaming\MetaQuotes\Terminal\3294B546D50FEEDA6BF3CFC7CF858DB7\config\Pepperstone-Edge05.srv'
0	22:08:28.332	Migration: copied from 'C:\Program Files (x86)\Pepperstone MetaTrader 4\config\Pepperstone-Edge06.srv' to 'C:\Users\Fidel\AppData\Roaming\MetaQuotes\Terminal\3294B546D50FEEDA6BF3CFC7CF858DB7\config\Pepperstone-Edge06.srv'
0	22:08:28.339	Migration: copied from 'C:\Program Files (x86)\Pepperstone MetaTrader 4\config\Pepperstone-Edge07.srv' to 'C:\Users\Fidel\AppData\Roaming\MetaQuotes\Terminal\3294B546D50FEEDA6BF3CFC7CF858DB7\config\Pepperstone-Edge07.srv'
0	22:08:28.346	Migration: copied from 'C:\Program Files (x86)\Pepperstone MetaTrader 4\config\Pepperstone-Edge08.srv' to 'C:\Users\Fidel\AppData\Roaming\MetaQuotes\Terminal\3294B546D50FEEDA6BF3CFC7CF858DB7\config\Pepperstone-Edge08.srv'
0	22:08:28.352	Migration: copied from 'C:\Program Files (x86)\Pepperstone MetaTrader 4\config\Pepperstone-Edge09.srv' to 'C:\Users\Fidel\AppData\Roaming\MetaQuotes\Terminal\3294B546D50FEEDA6BF3CFC7CF858DB7\config\Pepperstone-Edge09.srv'
0	22:08:28.352	Migration: config folder copied from 'C:\Program Files (x86)\Pepperstone MetaTrader 4' to 'C:\Users\Fidel\AppData\Roaming\MetaQuotes\Terminal\3294B546D50FEEDA6BF3CFC7CF858DB7'
0	22:08:28.361	Migration: copied from 'C:\Program Files (x86)\Pepperstone MetaTrader 4\history\default\EURUSD240.hst' to 'C:\Users\Fidel\AppData\Roaming\MetaQuotes\Terminal\3294B546D50FEEDA6BF3CFC7CF858DB7\history\default\EURUSD240.hst'
0	22:08:28.370	Migration: copied from 'C:\Program Files (x86)\Pepperstone MetaTrader 4\history\default\GBPUSD240.hst' to 'C:\Users\Fidel\AppData\Roaming\MetaQuotes\Terminal\3294B546D50FEEDA6BF3CFC7CF858DB7\history\default\GBPUSD240.hst'
0	22:08:28.377	Migration: copied from 'C:\Program Files (x86)\Pepperstone MetaTrader 4\history\default\USDCHF240.hst' to 'C:\Users\Fidel\AppData\Roaming\MetaQuotes\Terminal\3294B546D50FEEDA6BF3CFC7CF858DB7\history\default\USDCHF240.hst'
0	22:08:28.384	Migration: copied from 'C:\Program Files (x86)\Pepperstone MetaTrader 4\history\default\USDJPY240.hst' to 'C:\Users\Fidel\AppData\Roaming\MetaQuotes\Terminal\3294B546D50FEEDA6BF3CFC7CF858DB7\history\default\USDJPY240.hst'
0	22:08:28.395	Migration: copied from 'C:\Program Files (x86)\Pepperstone MetaTrader 4\history\default\symbols.sel' to 'C:\Users\Fidel\AppData\Roaming\MetaQuotes\Terminal\3294B546D50FEEDA6BF3CFC7CF858DB7\history\default\symbols.sel'
0	22:08:28.403	Migration: copied from 'C:\Program Files (x86)\Pepperstone MetaTrader 4\history\default\symbols.raw' to 'C:\Users\Fidel\AppData\Roaming\MetaQuotes\Terminal\3294B546D50FEEDA6BF3CFC7CF858DB7\history\default\symbols.raw'
0	22:08:28.470	Migration: copied from 'C:\Program Files (x86)\Pepperstone MetaTrader 4\history\default\symgroups.raw' to 'C:\Users\Fidel\AppData\Roaming\MetaQuotes\Terminal\3294B546D50FEEDA6BF3CFC7CF858DB7\history\default\symgroups.raw'
0	22:08:28.473	Migration: history folder copied from 'C:\Program Files (x86)\Pepperstone MetaTrader 4' to 'C:\Users\Fidel\AppData\Roaming\MetaQuotes\Terminal\3294B546D50FEEDA6BF3CFC7CF858DB7'
0	22:08:28.475	Migration: copied from 'C:\Program Files (x86)\Pepperstone MetaTrader 4\history\default\EURUSD240.hst' to 'C:\Users\Fidel\AppData\Roaming\MetaQuotes\Terminal\3294B546D50FEEDA6BF3CFC7CF858DB7\history\default\EURUSD240.hst'
0	22:08:28.477	Migration: copied from 'C:\Program Files (x86)\Pepperstone MetaTrader 4\history\default\GBPUSD240.hst' to 'C:\Users\Fidel\AppData\Roaming\MetaQuotes\Terminal\3294B546D50FEEDA6BF3CFC7CF858DB7\history\default\GBPUSD240.hst'
0	22:08:28.479	Migration: copied from 'C:\Program Files (x86)\Pepperstone MetaTrader 4\history\default\symbols.raw' to 'C:\Users\Fidel\AppData\Roaming\MetaQuotes\Terminal\3294B546D50FEEDA6BF3CFC7CF858DB7\history\default\symbols.raw'
0	22:08:28.480	Migration: copied from 'C:\Program Files (x86)\Pepperstone MetaTrader 4\history\default\symbols.sel' to 'C:\Users\Fidel\AppData\Roaming\MetaQuotes\Terminal\3294B546D50FEEDA6BF3CFC7CF858DB7\history\default\symbols.sel'
0	22:08:28.482	Migration: copied from 'C:\Program Files (x86)\Pepperstone MetaTrader 4\history\default\symgroups.raw' to 'C:\Users\Fidel\AppData\Roaming\MetaQuotes\Terminal\3294B546D50FEEDA6BF3CFC7CF858DB7\history\default\symgroups.raw'
0	22:08:28.484	Migration: copied from 'C:\Program Files (x86)\Pepperstone MetaTrader 4\history\default\USDCHF240.hst' to 'C:\Users\Fidel\AppData\Roaming\MetaQuotes\Terminal\3294B546D50FEEDA6BF3CFC7CF858DB7\history\default\USDCHF240.hst'
0	22:08:28.486	Migration: copied from 'C:\Program Files (x86)\Pepperstone MetaTrader 4\history\default\USDJPY240.hst' to 'C:\Users\Fidel\AppData\Roaming\MetaQuotes\Terminal\3294B546D50FEEDA6BF3CFC7CF858DB7\history\default\USDJPY240.hst'
0	22:08:28.492	Migration: copied from 'C:\Program Files (x86)\Pepperstone MetaTrader 4\history\symbolsets\forex.set' to 'C:\Users\Fidel\AppData\Roaming\MetaQuotes\Terminal\3294B546D50FEEDA6BF3CFC7CF858DB7\history\symbolsets\forex.set'
0	22:08:28.498	Migration: copied from 'C:\Program Files (x86)\Pepperstone MetaTrader 4\history\symbolsets\forexall.set' to 'C:\Users\Fidel\AppData\Roaming\MetaQuotes\Terminal\3294B546D50FEEDA6BF3CFC7CF858DB7\history\symbolsets\forexall.set'
0	22:08:28.515	Migration: copied from 'C:\Program Files (x86)\Pepperstone MetaTrader 4\history\mailbox\1356998400.arabic' to 'C:\Users\Fidel\AppData\Roaming\MetaQuotes\Terminal\3294B546D50FEEDA6BF3CFC7CF858DB7\history\mailbox\1356998400.arabic'
0	22:08:28.528	Migration: copied from 'C:\Program Files (x86)\Pepperstone MetaTrader 4\history\mailbox\1356998401.bulgarian' to 'C:\Users\Fidel\AppData\Roaming\MetaQuotes\Terminal\3294B546D50FEEDA6BF3CFC7CF858DB7\history\mailbox\1356998401.bulgarian'
0	22:08:28.540	Migration: copied from 'C:\Program Files (x86)\Pepperstone MetaTrader 4\history\mailbox\1356998402.chinese (simplified)' to 'C:\Users\Fidel\AppData\Roaming\MetaQuotes\Terminal\3294B546D50FEEDA6BF3CFC7CF858DB7\history\mailbox\1356998402.chinese (simplified)'
0	22:08:28.553	Migration: copied from 'C:\Program Files (x86)\Pepperstone MetaTrader 4\history\mailbox\1356998403.chinese (traditional)' to 'C:\Users\Fidel\AppData\Roaming\MetaQuotes\Terminal\3294B546D50FEEDA6BF3CFC7CF858DB7\history\mailbox\1356998403.chinese (traditional)'
0	22:08:28.567	Migration: copied from 'C:\Program Files (x86)\Pepperstone MetaTrader 4\history\mailbox\1356998404.czech' to 'C:\Users\Fidel\AppData\Roaming\MetaQuotes\Terminal\3294B546D50FEEDA6BF3CFC7CF858DB7\history\mailbox\1356998404.czech'
0	22:08:28.579	Migration: copied from 'C:\Program Files (x86)\Pepperstone MetaTrader 4\history\mailbox\1356998405.english' to 'C:\Users\Fidel\AppData\Roaming\MetaQuotes\Terminal\3294B546D50FEEDA6BF3CFC7CF858DB7\history\mailbox\1356998405.english'
0	22:08:28.593	Migration: copied from 'C:\Program Files (x86)\Pepperstone MetaTrader 4\history\mailbox\1356998406.french' to 'C:\Users\Fidel\AppData\Roaming\MetaQuotes\Terminal\3294B546D50FEEDA6BF3CFC7CF858DB7\history\mailbox\1356998406.french'
0	22:08:28.611	Migration: copied from 'C:\Program Files (x86)\Pepperstone MetaTrader 4\history\mailbox\1356998407.german' to 'C:\Users\Fidel\AppData\Roaming\MetaQuotes\Terminal\3294B546D50FEEDA6BF3CFC7CF858DB7\history\mailbox\1356998407.german'
0	22:08:28.635	Migration: copied from 'C:\Program Files (x86)\Pepperstone MetaTrader 4\history\mailbox\1356998408.greek' to 'C:\Users\Fidel\AppData\Roaming\MetaQuotes\Terminal\3294B546D50FEEDA6BF3CFC7CF858DB7\history\mailbox\1356998408.greek'
0	22:08:28.681	Migration: copied from 'C:\Program Files (x86)\Pepperstone MetaTrader 4\history\mailbox\1356998409.hebrew' to 'C:\Users\Fidel\AppData\Roaming\MetaQuotes\Terminal\3294B546D50FEEDA6BF3CFC7CF858DB7\history\mailbox\1356998409.hebrew'
0	22:08:28.708	Migration: copied from 'C:\Program Files (x86)\Pepperstone MetaTrader 4\history\mailbox\1356998410.hungarian' to 'C:\Users\Fidel\AppData\Roaming\MetaQuotes\Terminal\3294B546D50FEEDA6BF3CFC7CF858DB7\history\mailbox\1356998410.hungarian'
0	22:08:28.732	Migration: copied from 'C:\Program Files (x86)\Pepperstone MetaTrader 4\history\mailbox\1356998411.indonesian' to 'C:\Users\Fidel\AppData\Roaming\MetaQuotes\Terminal\3294B546D50FEEDA6BF3CFC7CF858DB7\history\mailbox\1356998411.indonesian'
0	22:08:28.757	Migration: copied from 'C:\Program Files (x86)\Pepperstone MetaTrader 4\history\mailbox\1356998412.italian' to 'C:\Users\Fidel\AppData\Roaming\MetaQuotes\Terminal\3294B546D50FEEDA6BF3CFC7CF858DB7\history\mailbox\1356998412.italian'
0	22:08:28.789	Migration: copied from 'C:\Program Files (x86)\Pepperstone MetaTrader 4\history\mailbox\1356998413.japanese' to 'C:\Users\Fidel\AppData\Roaming\MetaQuotes\Terminal\3294B546D50FEEDA6BF3CFC7CF858DB7\history\mailbox\1356998413.japanese'
0	22:08:28.820	Migration: copied from 'C:\Program Files (x86)\Pepperstone MetaTrader 4\history\mailbox\1356998414.malay' to 'C:\Users\Fidel\AppData\Roaming\MetaQuotes\Terminal\3294B546D50FEEDA6BF3CFC7CF858DB7\history\mailbox\1356998414.malay'
0	22:08:28.851	Migration: copied from 'C:\Program Files (x86)\Pepperstone MetaTrader 4\history\mailbox\1356998415.polish' to 'C:\Users\Fidel\AppData\Roaming\MetaQuotes\Terminal\3294B546D50FEEDA6BF3CFC7CF858DB7\history\mailbox\1356998415.polish'
0	22:08:28.881	Migration: copied from 'C:\Program Files (x86)\Pepperstone MetaTrader 4\history\mailbox\1356998416.portuguese' to 'C:\Users\Fidel\AppData\Roaming\MetaQuotes\Terminal\3294B546D50FEEDA6BF3CFC7CF858DB7\history\mailbox\1356998416.portuguese'
0	22:08:28.960	Migration: copied from 'C:\Program Files (x86)\Pepperstone MetaTrader 4\history\mailbox\1356998417.russian' to 'C:\Users\Fidel\AppData\Roaming\MetaQuotes\Terminal\3294B546D50FEEDA6BF3CFC7CF858DB7\history\mailbox\1356998417.russian'
0	22:08:28.979	Migration: copied from 'C:\Program Files (x86)\Pepperstone MetaTrader 4\history\mailbox\1356998418.slovenian' to 'C:\Users\Fidel\AppData\Roaming\MetaQuotes\Terminal\3294B546D50FEEDA6BF3CFC7CF858DB7\history\mailbox\1356998418.slovenian'
0	22:08:29.004	Migration: copied from 'C:\Program Files (x86)\Pepperstone MetaTrader 4\history\mailbox\1356998419.spanish' to 'C:\Users\Fidel\AppData\Roaming\MetaQuotes\Terminal\3294B546D50FEEDA6BF3CFC7CF858DB7\history\mailbox\1356998419.spanish'
0	22:08:29.037	Migration: copied from 'C:\Program Files (x86)\Pepperstone MetaTrader 4\history\mailbox\1356998420.tajik' to 'C:\Users\Fidel\AppData\Roaming\MetaQuotes\Terminal\3294B546D50FEEDA6BF3CFC7CF858DB7\history\mailbox\1356998420.tajik'
0	22:08:29.069	Migration: copied from 'C:\Program Files (x86)\Pepperstone MetaTrader 4\history\mailbox\1356998421.thai' to 'C:\Users\Fidel\AppData\Roaming\MetaQuotes\Terminal\3294B546D50FEEDA6BF3CFC7CF858DB7\history\mailbox\1356998421.thai'
0	22:08:29.101	Migration: copied from 'C:\Program Files (x86)\Pepperstone MetaTrader 4\history\mailbox\1356998422.turkish' to 'C:\Users\Fidel\AppData\Roaming\MetaQuotes\Terminal\3294B546D50FEEDA6BF3CFC7CF858DB7\history\mailbox\1356998422.turkish'
0	22:08:29.131	Migration: copied from 'C:\Program Files (x86)\Pepperstone MetaTrader 4\history\mailbox\1356998423.uzbek' to 'C:\Users\Fidel\AppData\Roaming\MetaQuotes\Terminal\3294B546D50FEEDA6BF3CFC7CF858DB7\history\mailbox\1356998423.uzbek'
0	22:08:29.164	Migration: copied from 'C:\Program Files (x86)\Pepperstone MetaTrader 4\history\mailbox\1356998424.vietnamese' to 'C:\Users\Fidel\AppData\Roaming\MetaQuotes\Terminal\3294B546D50FEEDA6BF3CFC7CF858DB7\history\mailbox\1356998424.vietnamese'
0	22:08:29.227	Migration: copied from 'C:\Program Files (x86)\Pepperstone MetaTrader 4\history\mailbox\1356998425.arabic' to 'C:\Users\Fidel\AppData\Roaming\MetaQuotes\Terminal\3294B546D50FEEDA6BF3CFC7CF858DB7\history\mailbox\1356998425.arabic'
0	22:08:29.275	Migration: copied from 'C:\Program Files (x86)\Pepperstone MetaTrader 4\history\mailbox\1356998426.bulgarian' to 'C:\Users\Fidel\AppData\Roaming\MetaQuotes\Terminal\3294B546D50FEEDA6BF3CFC7CF858DB7\history\mailbox\1356998426.bulgarian'
0	22:08:29.304	Migration: copied from 'C:\Program Files (x86)\Pepperstone MetaTrader 4\history\mailbox\1356998427.chinese (simplified)' to 'C:\Users\Fidel\AppData\Roaming\MetaQuotes\Terminal\3294B546D50FEEDA6BF3CFC7CF858DB7\history\mailbox\1356998427.chinese (simplified)'
0	22:08:29.328	Migration: copied from 'C:\Program Files (x86)\Pepperstone MetaTrader 4\history\mailbox\1356998428.chinese (traditional)' to 'C:\Users\Fidel\AppData\Roaming\MetaQuotes\Terminal\3294B546D50FEEDA6BF3CFC7CF858DB7\history\mailbox\1356998428.chinese (traditional)'
0	22:08:29.350	Migration: copied from 'C:\Program Files (x86)\Pepperstone MetaTrader 4\history\mailbox\1356998429.czech' to 'C:\Users\Fidel\AppData\Roaming\MetaQuotes\Terminal\3294B546D50FEEDA6BF3CFC7CF858DB7\history\mailbox\1356998429.czech'
0	22:08:29.370	Migration: copied from 'C:\Program Files (x86)\Pepperstone MetaTrader 4\history\mailbox\1356998430.english' to 'C:\Users\Fidel\AppData\Roaming\MetaQuotes\Terminal\3294B546D50FEEDA6BF3CFC7CF858DB7\history\mailbox\1356998430.english'
0	22:08:29.390	Migration: copied from 'C:\Program Files (x86)\Pepperstone MetaTrader 4\history\mailbox\1356998431.french' to 'C:\Users\Fidel\AppData\Roaming\MetaQuotes\Terminal\3294B546D50FEEDA6BF3CFC7CF858DB7\history\mailbox\1356998431.french'
0	22:08:29.413	Migration: copied from 'C:\Program Files (x86)\Pepperstone MetaTrader 4\history\mailbox\1356998432.german' to 'C:\Users\Fidel\AppData\Roaming\MetaQuotes\Terminal\3294B546D50FEEDA6BF3CFC7CF858DB7\history\mailbox\1356998432.german'
0	22:08:29.437	Migration: copied from 'C:\Program Files (x86)\Pepperstone MetaTrader 4\history\mailbox\1356998433.greek' to 'C:\Users\Fidel\AppData\Roaming\MetaQuotes\Terminal\3294B546D50FEEDA6BF3CFC7CF858DB7\history\mailbox\1356998433.greek'
0	22:08:29.489	Migration: copied from 'C:\Program Files (x86)\Pepperstone MetaTrader 4\history\mailbox\1356998434.hebrew' to 'C:\Users\Fidel\AppData\Roaming\MetaQuotes\Terminal\3294B546D50FEEDA6BF3CFC7CF858DB7\history\mailbox\1356998434.hebrew'
0	22:08:29.534	Migration: copied from 'C:\Program Files (x86)\Pepperstone MetaTrader 4\history\mailbox\1356998435.hungarian' to 'C:\Users\Fidel\AppData\Roaming\MetaQuotes\Terminal\3294B546D50FEEDA6BF3CFC7CF858DB7\history\mailbox\1356998435.hungarian'
0	22:08:29.565	Migration: copied from 'C:\Program Files (x86)\Pepperstone MetaTrader 4\history\mailbox\1356998436.indonesian' to 'C:\Users\Fidel\AppData\Roaming\MetaQuotes\Terminal\3294B546D50FEEDA6BF3CFC7CF858DB7\history\mailbox\1356998436.indonesian'
0	22:08:29.593	Migration: copied from 'C:\Program Files (x86)\Pepperstone MetaTrader 4\history\mailbox\1356998437.italian' to 'C:\Users\Fidel\AppData\Roaming\MetaQuotes\Terminal\3294B546D50FEEDA6BF3CFC7CF858DB7\history\mailbox\1356998437.italian'
0	22:08:29.622	Migration: copied from 'C:\Program Files (x86)\Pepperstone MetaTrader 4\history\mailbox\1356998438.japanese' to 'C:\Users\Fidel\AppData\Roaming\MetaQuotes\Terminal\3294B546D50FEEDA6BF3CFC7CF858DB7\history\mailbox\1356998438.japanese'
0	22:08:29.661	Migration: copied from 'C:\Program Files (x86)\Pepperstone MetaTrader 4\history\mailbox\1356998439.malay' to 'C:\Users\Fidel\AppData\Roaming\MetaQuotes\Terminal\3294B546D50FEEDA6BF3CFC7CF858DB7\history\mailbox\1356998439.malay'
0	22:08:29.699	Migration: copied from 'C:\Program Files (x86)\Pepperstone MetaTrader 4\history\mailbox\1356998440.polish' to 'C:\Users\Fidel\AppData\Roaming\MetaQuotes\Terminal\3294B546D50FEEDA6BF3CFC7CF858DB7\history\mailbox\1356998440.polish'
0	22:08:29.731	Migration: copied from 'C:\Program Files (x86)\Pepperstone MetaTrader 4\history\mailbox\1356998441.portuguese' to 'C:\Users\Fidel\AppData\Roaming\MetaQuotes\Terminal\3294B546D50FEEDA6BF3CFC7CF858DB7\history\mailbox\1356998441.portuguese'
0	22:08:29.763	Migration: copied from 'C:\Program Files (x86)\Pepperstone MetaTrader 4\history\mailbox\1356998442.russian' to 'C:\Users\Fidel\AppData\Roaming\MetaQuotes\Terminal\3294B546D50FEEDA6BF3CFC7CF858DB7\history\mailbox\1356998442.russian'
0	22:08:29.795	Migration: copied from 'C:\Program Files (x86)\Pepperstone MetaTrader 4\history\mailbox\1356998443.slovenian' to 'C:\Users\Fidel\AppData\Roaming\MetaQuotes\Terminal\3294B546D50FEEDA6BF3CFC7CF858DB7\history\mailbox\1356998443.slovenian'
0	22:08:29.827	Migration: copied from 'C:\Program Files (x86)\Pepperstone MetaTrader 4\history\mailbox\1356998444.spanish' to 'C:\Users\Fidel\AppData\Roaming\MetaQuotes\Terminal\3294B546D50FEEDA6BF3CFC7CF858DB7\history\mailbox\1356998444.spanish'
0	22:08:29.900	Migration: copied from 'C:\Program Files (x86)\Pepperstone MetaTrader 4\history\mailbox\1356998445.tajik' to 'C:\Users\Fidel\AppData\Roaming\MetaQuotes\Terminal\3294B546D50FEEDA6BF3CFC7CF858DB7\history\mailbox\1356998445.tajik'
0	22:08:29.937	Migration: copied from 'C:\Program Files (x86)\Pepperstone MetaTrader 4\history\mailbox\1356998446.thai' to 'C:\Users\Fidel\AppData\Roaming\MetaQuotes\Terminal\3294B546D50FEEDA6BF3CFC7CF858DB7\history\mailbox\1356998446.thai'
0	22:08:29.968	Migration: copied from 'C:\Program Files (x86)\Pepperstone MetaTrader 4\history\mailbox\1356998447.turkish' to 'C:\Users\Fidel\AppData\Roaming\MetaQuotes\Terminal\3294B546D50FEEDA6BF3CFC7CF858DB7\history\mailbox\1356998447.turkish'
0	22:08:29.997	Migration: copied from 'C:\Program Files (x86)\Pepperstone MetaTrader 4\history\mailbox\1356998448.uzbek' to 'C:\Users\Fidel\AppData\Roaming\MetaQuotes\Terminal\3294B546D50FEEDA6BF3CFC7CF858DB7\history\mailbox\1356998448.uzbek'
0	22:08:30.094	Migration: copied from 'C:\Program Files (x86)\Pepperstone MetaTrader 4\history\mailbox\1356998449.vietnamese' to 'C:\Users\Fidel\AppData\Roaming\MetaQuotes\Terminal\3294B546D50FEEDA6BF3CFC7CF858DB7\history\mailbox\1356998449.vietnamese'
0	22:08:30.113	Migration: copied from 'C:\Program Files (x86)\Pepperstone MetaTrader 4\history\mailbox\1356998450.arabic' to 'C:\Users\Fidel\AppData\Roaming\MetaQuotes\Terminal\3294B546D50FEEDA6BF3CFC7CF858DB7\history\mailbox\1356998450.arabic'
0	22:08:30.126	Migration: copied from 'C:\Program Files (x86)\Pepperstone MetaTrader 4\history\mailbox\1356998451.bulgarian' to 'C:\Users\Fidel\AppData\Roaming\MetaQuotes\Terminal\3294B546D50FEEDA6BF3CFC7CF858DB7\history\mailbox\1356998451.bulgarian'
0	22:08:30.138	Migration: copied from 'C:\Program Files (x86)\Pepperstone MetaTrader 4\history\mailbox\1356998452.chinese (simplified)' to 'C:\Users\Fidel\AppData\Roaming\MetaQuotes\Terminal\3294B546D50FEEDA6BF3CFC7CF858DB7\history\mailbox\1356998452.chinese (simplified)'
0	22:08:30.152	Migration: copied from 'C:\Program Files (x86)\Pepperstone MetaTrader 4\history\mailbox\1356998453.chinese (traditional)' to 'C:\Users\Fidel\AppData\Roaming\MetaQuotes\Terminal\3294B546D50FEEDA6BF3CFC7CF858DB7\history\mailbox\1356998453.chinese (traditional)'
0	22:08:30.165	Migration: copied from 'C:\Program Files (x86)\Pepperstone MetaTrader 4\history\mailbox\1356998454.czech' to 'C:\Users\Fidel\AppData\Roaming\MetaQuotes\Terminal\3294B546D50FEEDA6BF3CFC7CF858DB7\history\mailbox\1356998454.czech'
0	22:08:30.180	Migration: copied from 'C:\Program Files (x86)\Pepperstone MetaTrader 4\history\mailbox\1356998455.english' to 'C:\Users\Fidel\AppData\Roaming\MetaQuotes\Terminal\3294B546D50FEEDA6BF3CFC7CF858DB7\history\mailbox\1356998455.english'
0	22:08:30.193	Migration: copied from 'C:\Program Files (x86)\Pepperstone MetaTrader 4\history\mailbox\1356998456.french' to 'C:\Users\Fidel\AppData\Roaming\MetaQuotes\Terminal\3294B546D50FEEDA6BF3CFC7CF858DB7\history\mailbox\1356998456.french'
0	22:08:30.207	Migration: copied from 'C:\Program Files (x86)\Pepperstone MetaTrader 4\history\mailbox\1356998457.german' to 'C:\Users\Fidel\AppData\Roaming\MetaQuotes\Terminal\3294B546D50FEEDA6BF3CFC7CF858DB7\history\mailbox\1356998457.german'
0	22:08:30.219	Migration: copied from 'C:\Program Files (x86)\Pepperstone MetaTrader 4\history\mailbox\1356998458.greek' to 'C:\Users\Fidel\AppData\Roaming\MetaQuotes\Terminal\3294B546D50FEEDA6BF3CFC7CF858DB7\history\mailbox\1356998458.greek'
0	22:08:30.234	Migration: copied from 'C:\Program Files (x86)\Pepperstone MetaTrader 4\history\mailbox\1356998459.hebrew' to 'C:\Users\Fidel\AppData\Roaming\MetaQuotes\Terminal\3294B546D50FEEDA6BF3CFC7CF858DB7\history\mailbox\1356998459.hebrew'
0	22:08:30.269	Migration: copied from 'C:\Program Files (x86)\Pepperstone MetaTrader 4\history\mailbox\1356998460.hungarian' to 'C:\Users\Fidel\AppData\Roaming\MetaQuotes\Terminal\3294B546D50FEEDA6BF3CFC7CF858DB7\history\mailbox\1356998460.hungarian'
0	22:08:30.300	Migration: copied from 'C:\Program Files (x86)\Pepperstone MetaTrader 4\history\mailbox\1356998461.indonesian' to 'C:\Users\Fidel\AppData\Roaming\MetaQuotes\Terminal\3294B546D50FEEDA6BF3CFC7CF858DB7\history\mailbox\1356998461.indonesian'
0	22:08:30.369	Migration: copied from 'C:\Program Files (x86)\Pepperstone MetaTrader 4\history\mailbox\1356998462.italian' to 'C:\Users\Fidel\AppData\Roaming\MetaQuotes\Terminal\3294B546D50FEEDA6BF3CFC7CF858DB7\history\mailbox\1356998462.italian'
0	22:08:30.398	Migration: copied from 'C:\Program Files (x86)\Pepperstone MetaTrader 4\history\mailbox\1356998463.japanese' to 'C:\Users\Fidel\AppData\Roaming\MetaQuotes\Terminal\3294B546D50FEEDA6BF3CFC7CF858DB7\history\mailbox\1356998463.japanese'
0	22:08:30.428	Migration: copied from 'C:\Program Files (x86)\Pepperstone MetaTrader 4\history\mailbox\1356998464.malay' to 'C:\Users\Fidel\AppData\Roaming\MetaQuotes\Terminal\3294B546D50FEEDA6BF3CFC7CF858DB7\history\mailbox\1356998464.malay'
0	22:08:30.521	Migration: copied from 'C:\Program Files (x86)\Pepperstone MetaTrader 4\history\mailbox\1356998465.polish' to 'C:\Users\Fidel\AppData\Roaming\MetaQuotes\Terminal\3294B546D50FEEDA6BF3CFC7CF858DB7\history\mailbox\1356998465.polish'
0	22:08:30.550	Migration: copied from 'C:\Program Files (x86)\Pepperstone MetaTrader 4\history\mailbox\1356998466.portuguese' to 'C:\Users\Fidel\AppData\Roaming\MetaQuotes\Terminal\3294B546D50FEEDA6BF3CFC7CF858DB7\history\mailbox\1356998466.portuguese'
0	22:08:30.568	Migration: copied from 'C:\Program Files (x86)\Pepperstone MetaTrader 4\history\mailbox\1356998467.russian' to 'C:\Users\Fidel\AppData\Roaming\MetaQuotes\Terminal\3294B546D50FEEDA6BF3CFC7CF858DB7\history\mailbox\1356998467.russian'
0	22:08:30.586	Migration: copied from 'C:\Program Files (x86)\Pepperstone MetaTrader 4\history\mailbox\1356998468.slovenian' to 'C:\Users\Fidel\AppData\Roaming\MetaQuotes\Terminal\3294B546D50FEEDA6BF3CFC7CF858DB7\history\mailbox\1356998468.slovenian'
0	22:08:30.641	Migration: copied from 'C:\Program Files (x86)\Pepperstone MetaTrader 4\history\mailbox\1356998469.spanish' to 'C:\Users\Fidel\AppData\Roaming\MetaQuotes\Terminal\3294B546D50FEEDA6BF3CFC7CF858DB7\history\mailbox\1356998469.spanish'
0	22:08:30.686	Migration: copied from 'C:\Program Files (x86)\Pepperstone MetaTrader 4\history\mailbox\1356998470.tajik' to 'C:\Users\Fidel\AppData\Roaming\MetaQuotes\Terminal\3294B546D50FEEDA6BF3CFC7CF858DB7\history\mailbox\1356998470.tajik'
0	22:08:30.716	Migration: copied from 'C:\Program Files (x86)\Pepperstone MetaTrader 4\history\mailbox\1356998471.thai' to 'C:\Users\Fidel\AppData\Roaming\MetaQuotes\Terminal\3294B546D50FEEDA6BF3CFC7CF858DB7\history\mailbox\1356998471.thai'
0	22:08:30.745	Migration: copied from 'C:\Program Files (x86)\Pepperstone MetaTrader 4\history\mailbox\1356998472.turkish' to 'C:\Users\Fidel\AppData\Roaming\MetaQuotes\Terminal\3294B546D50FEEDA6BF3CFC7CF858DB7\history\mailbox\1356998472.turkish'
0	22:08:30.783	Migration: copied from 'C:\Program Files (x86)\Pepperstone MetaTrader 4\history\mailbox\1356998473.uzbek' to 'C:\Users\Fidel\AppData\Roaming\MetaQuotes\Terminal\3294B546D50FEEDA6BF3CFC7CF858DB7\history\mailbox\1356998473.uzbek'
0	22:08:30.821	Migration: copied from 'C:\Program Files (x86)\Pepperstone MetaTrader 4\history\mailbox\1356998474.vietnamese' to 'C:\Users\Fidel\AppData\Roaming\MetaQuotes\Terminal\3294B546D50FEEDA6BF3CFC7CF858DB7\history\mailbox\1356998474.vietnamese'
0	22:08:30.862	Migration: copied from 'C:\Program Files (x86)\Pepperstone MetaTrader 4\history\mailbox\1356998475.arabic' to 'C:\Users\Fidel\AppData\Roaming\MetaQuotes\Terminal\3294B546D50FEEDA6BF3CFC7CF858DB7\history\mailbox\1356998475.arabic'
0	22:08:30.901	Migration: copied from 'C:\Program Files (x86)\Pepperstone MetaTrader 4\history\mailbox\1356998476.bulgarian' to 'C:\Users\Fidel\AppData\Roaming\MetaQuotes\Terminal\3294B546D50FEEDA6BF3CFC7CF858DB7\history\mailbox\1356998476.bulgarian'
0	22:08:30.932	Migration: copied from 'C:\Program Files (x86)\Pepperstone MetaTrader 4\history\mailbox\1356998477.chinese (simplified)' to 'C:\Users\Fidel\AppData\Roaming\MetaQuotes\Terminal\3294B546D50FEEDA6BF3CFC7CF858DB7\history\mailbox\1356998477.chinese (simplified)'
0	22:08:30.969	Migration: copied from 'C:\Program Files (x86)\Pepperstone MetaTrader 4\history\mailbox\1356998478.chinese (traditional)' to 'C:\Users\Fidel\AppData\Roaming\MetaQuotes\Terminal\3294B546D50FEEDA6BF3CFC7CF858DB7\history\mailbox\1356998478.chinese (traditional)'
0	22:08:30.983	Migration: copied from 'C:\Program Files (x86)\Pepperstone MetaTrader 4\history\mailbox\1356998479.czech' to 'C:\Users\Fidel\AppData\Roaming\MetaQuotes\Terminal\3294B546D50FEEDA6BF3CFC7CF858DB7\history\mailbox\1356998479.czech'
0	22:08:30.999	Migration: copied from 'C:\Program Files (x86)\Pepperstone MetaTrader 4\history\mailbox\1356998480.english' to 'C:\Users\Fidel\AppData\Roaming\MetaQuotes\Terminal\3294B546D50FEEDA6BF3CFC7CF858DB7\history\mailbox\1356998480.english'
0	22:08:31.049	Migration: copied from 'C:\Program Files (x86)\Pepperstone MetaTrader 4\history\mailbox\1356998481.french' to 'C:\Users\Fidel\AppData\Roaming\MetaQuotes\Terminal\3294B546D50FEEDA6BF3CFC7CF858DB7\history\mailbox\1356998481.french'
0	22:08:31.093	Migration: copied from 'C:\Program Files (x86)\Pepperstone MetaTrader 4\history\mailbox\1356998482.german' to 'C:\Users\Fidel\AppData\Roaming\MetaQuotes\Terminal\3294B546D50FEEDA6BF3CFC7CF858DB7\history\mailbox\1356998482.german'
0	22:08:31.105	Migration: copied from 'C:\Program Files (x86)\Pepperstone MetaTrader 4\history\mailbox\1356998483.greek' to 'C:\Users\Fidel\AppData\Roaming\MetaQuotes\Terminal\3294B546D50FEEDA6BF3CFC7CF858DB7\history\mailbox\1356998483.greek'
0	22:08:31.135	Migration: copied from 'C:\Program Files (x86)\Pepperstone MetaTrader 4\history\mailbox\1356998484.hebrew' to 'C:\Users\Fidel\AppData\Roaming\MetaQuotes\Terminal\3294B546D50FEEDA6BF3CFC7CF858DB7\history\mailbox\1356998484.hebrew'
0	22:08:31.356	Migration: copied from 'C:\Program Files (x86)\Pepperstone MetaTrader 4\history\mailbox\1356998485.hungarian' to 'C:\Users\Fidel\AppData\Roaming\MetaQuotes\Terminal\3294B546D50FEEDA6BF3CFC7CF858DB7\history\mailbox\1356998485.hungarian'
0	22:08:31.379	Migration: copied from 'C:\Program Files (x86)\Pepperstone MetaTrader 4\history\mailbox\1356998486.indonesian' to 'C:\Users\Fidel\AppData\Roaming\MetaQuotes\Terminal\3294B546D50FEEDA6BF3CFC7CF858DB7\history\mailbox\1356998486.indonesian'
0	22:08:31.393	Migration: copied from 'C:\Program Files (x86)\Pepperstone MetaTrader 4\history\mailbox\1356998487.italian' to 'C:\Users\Fidel\AppData\Roaming\MetaQuotes\Terminal\3294B546D50FEEDA6BF3CFC7CF858DB7\history\mailbox\1356998487.italian'
0	22:08:31.415	Migration: copied from 'C:\Program Files (x86)\Pepperstone MetaTrader 4\history\mailbox\1356998488.japanese' to 'C:\Users\Fidel\AppData\Roaming\MetaQuotes\Terminal\3294B546D50FEEDA6BF3CFC7CF858DB7\history\mailbox\1356998488.japanese'
0	22:08:31.435	Migration: copied from 'C:\Program Files (x86)\Pepperstone MetaTrader 4\history\mailbox\1356998489.malay' to 'C:\Users\Fidel\AppData\Roaming\MetaQuotes\Terminal\3294B546D50FEEDA6BF3CFC7CF858DB7\history\mailbox\1356998489.malay'
0	22:08:31.465	Migration: copied from 'C:\Program Files (x86)\Pepperstone MetaTrader 4\history\mailbox\1356998490.polish' to 'C:\Users\Fidel\AppData\Roaming\MetaQuotes\Terminal\3294B546D50FEEDA6BF3CFC7CF858DB7\history\mailbox\1356998490.polish'
0	22:08:31.506	Migration: copied from 'C:\Program Files (x86)\Pepperstone MetaTrader 4\history\mailbox\1356998491.portuguese' to 'C:\Users\Fidel\AppData\Roaming\MetaQuotes\Terminal\3294B546D50FEEDA6BF3CFC7CF858DB7\history\mailbox\1356998491.portuguese'
0	22:08:31.522	Migration: copied from 'C:\Program Files (x86)\Pepperstone MetaTrader 4\history\mailbox\1356998492.russian' to 'C:\Users\Fidel\AppData\Roaming\MetaQuotes\Terminal\3294B546D50FEEDA6BF3CFC7CF858DB7\history\mailbox\1356998492.russian'
0	22:08:31.542	Migration: copied from 'C:\Program Files (x86)\Pepperstone MetaTrader 4\history\mailbox\1356998493.slovenian' to 'C:\Users\Fidel\AppData\Roaming\MetaQuotes\Terminal\3294B546D50FEEDA6BF3CFC7CF858DB7\history\mailbox\1356998493.slovenian'
0	22:08:31.576	Migration: copied from 'C:\Program Files (x86)\Pepperstone MetaTrader 4\history\mailbox\1356998494.spanish' to 'C:\Users\Fidel\AppData\Roaming\MetaQuotes\Terminal\3294B546D50FEEDA6BF3CFC7CF858DB7\history\mailbox\1356998494.spanish'
0	22:08:31.631	Migration: copied from 'C:\Program Files (x86)\Pepperstone MetaTrader 4\history\mailbox\1356998495.tajik' to 'C:\Users\Fidel\AppData\Roaming\MetaQuotes\Terminal\3294B546D50FEEDA6BF3CFC7CF858DB7\history\mailbox\1356998495.tajik'
0	22:08:31.698	Migration: copied from 'C:\Program Files (x86)\Pepperstone MetaTrader 4\history\mailbox\1356998496.thai' to 'C:\Users\Fidel\AppData\Roaming\MetaQuotes\Terminal\3294B546D50FEEDA6BF3CFC7CF858DB7\history\mailbox\1356998496.thai'
0	22:08:31.712	Migration: copied from 'C:\Program Files (x86)\Pepperstone MetaTrader 4\history\mailbox\1356998497.turkish' to 'C:\Users\Fidel\AppData\Roaming\MetaQuotes\Terminal\3294B546D50FEEDA6BF3CFC7CF858DB7\history\mailbox\1356998497.turkish'
0	22:08:31.727	Migration: copied from 'C:\Program Files (x86)\Pepperstone MetaTrader 4\history\mailbox\1356998498.uzbek' to 'C:\Users\Fidel\AppData\Roaming\MetaQuotes\Terminal\3294B546D50FEEDA6BF3CFC7CF858DB7\history\mailbox\1356998498.uzbek'
0	22:08:31.741	Migration: copied from 'C:\Program Files (x86)\Pepperstone MetaTrader 4\history\mailbox\1356998499.vietnamese' to 'C:\Users\Fidel\AppData\Roaming\MetaQuotes\Terminal\3294B546D50FEEDA6BF3CFC7CF858DB7\history\mailbox\1356998499.vietnamese'
0	22:08:31.754	Migration: copied from 'C:\Program Files (x86)\Pepperstone MetaTrader 4\history\mailbox\1356998500.arabic' to 'C:\Users\Fidel\AppData\Roaming\MetaQuotes\Terminal\3294B546D50FEEDA6BF3CFC7CF858DB7\history\mailbox\1356998500.arabic'
0	22:08:31.767	Migration: copied from 'C:\Program Files (x86)\Pepperstone MetaTrader 4\history\mailbox\1356998501.bulgarian' to 'C:\Users\Fidel\AppData\Roaming\MetaQuotes\Terminal\3294B546D50FEEDA6BF3CFC7CF858DB7\history\mailbox\1356998501.bulgarian'
0	22:08:31.782	Migration: copied from 'C:\Program Files (x86)\Pepperstone MetaTrader 4\history\mailbox\1356998502.chinese (simplified)' to 'C:\Users\Fidel\AppData\Roaming\MetaQuotes\Terminal\3294B546D50FEEDA6BF3CFC7CF858DB7\history\mailbox\1356998502.chinese (simplified)'
0	22:08:31.858	Migration: copied from 'C:\Program Files (x86)\Pepperstone MetaTrader 4\history\mailbox\1356998503.chinese (traditional)' to 'C:\Users\Fidel\AppData\Roaming\MetaQuotes\Terminal\3294B546D50FEEDA6BF3CFC7CF858DB7\history\mailbox\1356998503.chinese (traditional)'
0	22:08:31.886	Migration: copied from 'C:\Program Files (x86)\Pepperstone MetaTrader 4\history\mailbox\1356998504.czech' to 'C:\Users\Fidel\AppData\Roaming\MetaQuotes\Terminal\3294B546D50FEEDA6BF3CFC7CF858DB7\history\mailbox\1356998504.czech'
0	22:08:31.918	Migration: copied from 'C:\Program Files (x86)\Pepperstone MetaTrader 4\history\mailbox\1356998505.english' to 'C:\Users\Fidel\AppData\Roaming\MetaQuotes\Terminal\3294B546D50FEEDA6BF3CFC7CF858DB7\history\mailbox\1356998505.english'
0	22:08:31.990	Migration: copied from 'C:\Program Files (x86)\Pepperstone MetaTrader 4\history\mailbox\1356998506.french' to 'C:\Users\Fidel\AppData\Roaming\MetaQuotes\Terminal\3294B546D50FEEDA6BF3CFC7CF858DB7\history\mailbox\1356998506.french'
0	22:08:32.016	Migration: copied from 'C:\Program Files (x86)\Pepperstone MetaTrader 4\history\mailbox\1356998507.german' to 'C:\Users\Fidel\AppData\Roaming\MetaQuotes\Terminal\3294B546D50FEEDA6BF3CFC7CF858DB7\history\mailbox\1356998507.german'
0	22:08:32.062	Migration: copied from 'C:\Program Files (x86)\Pepperstone MetaTrader 4\history\mailbox\1356998508.greek' to 'C:\Users\Fidel\AppData\Roaming\MetaQuotes\Terminal\3294B546D50FEEDA6BF3CFC7CF858DB7\history\mailbox\1356998508.greek'
0	22:08:32.083	Migration: copied from 'C:\Program Files (x86)\Pepperstone MetaTrader 4\history\mailbox\1356998509.hebrew' to 'C:\Users\Fidel\AppData\Roaming\MetaQuotes\Terminal\3294B546D50FEEDA6BF3CFC7CF858DB7\history\mailbox\1356998509.hebrew'
0	22:08:32.115	Migration: copied from 'C:\Program Files (x86)\Pepperstone MetaTrader 4\history\mailbox\1356998510.hungarian' to 'C:\Users\Fidel\AppData\Roaming\MetaQuotes\Terminal\3294B546D50FEEDA6BF3CFC7CF858DB7\history\mailbox\1356998510.hungarian'
0	22:08:32.128	Migration: copied from 'C:\Program Files (x86)\Pepperstone MetaTrader 4\history\mailbox\1356998511.indonesian' to 'C:\Users\Fidel\AppData\Roaming\MetaQuotes\Terminal\3294B546D50FEEDA6BF3CFC7CF858DB7\history\mailbox\1356998511.indonesian'
0	22:08:32.145	Migration: copied from 'C:\Program Files (x86)\Pepperstone MetaTrader 4\history\mailbox\1356998512.italian' to 'C:\Users\Fidel\AppData\Roaming\MetaQuotes\Terminal\3294B546D50FEEDA6BF3CFC7CF858DB7\history\mailbox\1356998512.italian'
0	22:08:32.160	Migration: copied from 'C:\Program Files (x86)\Pepperstone MetaTrader 4\history\mailbox\1356998513.japanese' to 'C:\Users\Fidel\AppData\Roaming\MetaQuotes\Terminal\3294B546D50FEEDA6BF3CFC7CF858DB7\history\mailbox\1356998513.japanese'
0	22:08:32.174	Migration: copied from 'C:\Program Files (x86)\Pepperstone MetaTrader 4\history\mailbox\1356998514.malay' to 'C:\Users\Fidel\AppData\Roaming\MetaQuotes\Terminal\3294B546D50FEEDA6BF3CFC7CF858DB7\history\mailbox\1356998514.malay'
0	22:08:32.187	Migration: copied from 'C:\Program Files (x86)\Pepperstone MetaTrader 4\history\mailbox\1356998515.polish' to 'C:\Users\Fidel\AppData\Roaming\MetaQuotes\Terminal\3294B546D50FEEDA6BF3CFC7CF858DB7\history\mailbox\1356998515.polish'
0	22:08:32.202	Migration: copied from 'C:\Program Files (x86)\Pepperstone MetaTrader 4\history\mailbox\1356998516.portuguese' to 'C:\Users\Fidel\AppData\Roaming\MetaQuotes\Terminal\3294B546D50FEEDA6BF3CFC7CF858DB7\history\mailbox\1356998516.portuguese'
0	22:08:32.218	Migration: copied from 'C:\Program Files (x86)\Pepperstone MetaTrader 4\history\mailbox\1356998517.russian' to 'C:\Users\Fidel\AppData\Roaming\MetaQuotes\Terminal\3294B546D50FEEDA6BF3CFC7CF858DB7\history\mailbox\1356998517.russian'
0	22:08:32.235	Migration: copied from 'C:\Program Files (x86)\Pepperstone MetaTrader 4\history\mailbox\1356998518.slovenian' to 'C:\Users\Fidel\AppData\Roaming\MetaQuotes\Terminal\3294B546D50FEEDA6BF3CFC7CF858DB7\history\mailbox\1356998518.slovenian'
0	22:08:32.267	Migration: copied from 'C:\Program Files (x86)\Pepperstone MetaTrader 4\history\mailbox\1356998519.spanish' to 'C:\Users\Fidel\AppData\Roaming\MetaQuotes\Terminal\3294B546D50FEEDA6BF3CFC7CF858DB7\history\mailbox\1356998519.spanish'
0	22:08:32.404	Migration: copied from 'C:\Program Files (x86)\Pepperstone MetaTrader 4\history\mailbox\1356998520.tajik' to 'C:\Users\Fidel\AppData\Roaming\MetaQuotes\Terminal\3294B546D50FEEDA6BF3CFC7CF858DB7\history\mailbox\1356998520.tajik'
0	22:08:32.436	Migration: copied from 'C:\Program Files (x86)\Pepperstone MetaTrader 4\history\mailbox\1356998521.thai' to 'C:\Users\Fidel\AppData\Roaming\MetaQuotes\Terminal\3294B546D50FEEDA6BF3CFC7CF858DB7\history\mailbox\1356998521.thai'
0	22:08:32.464	Migration: copied from 'C:\Program Files (x86)\Pepperstone MetaTrader 4\history\mailbox\1356998522.turkish' to 'C:\Users\Fidel\AppData\Roaming\MetaQuotes\Terminal\3294B546D50FEEDA6BF3CFC7CF858DB7\history\mailbox\1356998522.turkish'
0	22:08:32.481	Migration: copied from 'C:\Program Files (x86)\Pepperstone MetaTrader 4\history\mailbox\1356998523.uzbek' to 'C:\Users\Fidel\AppData\Roaming\MetaQuotes\Terminal\3294B546D50FEEDA6BF3CFC7CF858DB7\history\mailbox\1356998523.uzbek'
0	22:08:32.495	Migration: copied from 'C:\Program Files (x86)\Pepperstone MetaTrader 4\history\mailbox\1356998524.vietnamese' to 'C:\Users\Fidel\AppData\Roaming\MetaQuotes\Terminal\3294B546D50FEEDA6BF3CFC7CF858DB7\history\mailbox\1356998524.vietnamese'
0	22:08:32.509	Migration: copied from 'C:\Program Files (x86)\Pepperstone MetaTrader 4\history\mailbox\1356998525.arabic' to 'C:\Users\Fidel\AppData\Roaming\MetaQuotes\Terminal\3294B546D50FEEDA6BF3CFC7CF858DB7\history\mailbox\1356998525.arabic'
0	22:08:32.523	Migration: copied from 'C:\Program Files (x86)\Pepperstone MetaTrader 4\history\mailbox\1356998526.bulgarian' to 'C:\Users\Fidel\AppData\Roaming\MetaQuotes\Terminal\3294B546D50FEEDA6BF3CFC7CF858DB7\history\mailbox\1356998526.bulgarian'
0	22:08:32.536	Migration: copied from 'C:\Program Files (x86)\Pepperstone MetaTrader 4\history\mailbox\1356998527.chinese (simplified)' to 'C:\Users\Fidel\AppData\Roaming\MetaQuotes\Terminal\3294B546D50FEEDA6BF3CFC7CF858DB7\history\mailbox\1356998527.chinese (simplified)'
0	22:08:32.551	Migration: copied from 'C:\Program Files (x86)\Pepperstone MetaTrader 4\history\mailbox\1356998528.chinese (traditional)' to 'C:\Users\Fidel\AppData\Roaming\MetaQuotes\Terminal\3294B546D50FEEDA6BF3CFC7CF858DB7\history\mailbox\1356998528.chinese (traditional)'
0	22:08:32.565	Migration: copied from 'C:\Program Files (x86)\Pepperstone MetaTrader 4\history\mailbox\1356998529.czech' to 'C:\Users\Fidel\AppData\Roaming\MetaQuotes\Terminal\3294B546D50FEEDA6BF3CFC7CF858DB7\history\mailbox\1356998529.czech'
0	22:08:32.580	Migration: copied from 'C:\Program Files (x86)\Pepperstone MetaTrader 4\history\mailbox\1356998530.english' to 'C:\Users\Fidel\AppData\Roaming\MetaQuotes\Terminal\3294B546D50FEEDA6BF3CFC7CF858DB7\history\mailbox\1356998530.english'
0	22:08:32.594	Migration: copied from 'C:\Program Files (x86)\Pepperstone MetaTrader 4\history\mailbox\1356998531.french' to 'C:\Users\Fidel\AppData\Roaming\MetaQuotes\Terminal\3294B546D50FEEDA6BF3CFC7CF858DB7\history\mailbox\1356998531.french'
0	22:08:32.608	Migration: copied from 'C:\Program Files (x86)\Pepperstone MetaTrader 4\history\mailbox\1356998532.german' to 'C:\Users\Fidel\AppData\Roaming\MetaQuotes\Terminal\3294B546D50FEEDA6BF3CFC7CF858DB7\history\mailbox\1356998532.german'
0	22:08:32.620	Migration: copied from 'C:\Program Files (x86)\Pepperstone MetaTrader 4\history\mailbox\1356998533.greek' to 'C:\Users\Fidel\AppData\Roaming\MetaQuotes\Terminal\3294B546D50FEEDA6BF3CFC7CF858DB7\history\mailbox\1356998533.greek'
0	22:08:32.636	Migration: copied from 'C:\Program Files (x86)\Pepperstone MetaTrader 4\history\mailbox\1356998534.hebrew' to 'C:\Users\Fidel\AppData\Roaming\MetaQuotes\Terminal\3294B546D50FEEDA6BF3CFC7CF858DB7\history\mailbox\1356998534.hebrew'
0	22:08:32.652	Migration: copied from 'C:\Program Files (x86)\Pepperstone MetaTrader 4\history\mailbox\1356998534.hungarian' to 'C:\Users\Fidel\AppData\Roaming\MetaQuotes\Terminal\3294B546D50FEEDA6BF3CFC7CF858DB7\history\mailbox\1356998534.hungarian'
0	22:08:32.666	Migration: copied from 'C:\Program Files (x86)\Pepperstone MetaTrader 4\history\mailbox\1356998535.hungarian' to 'C:\Users\Fidel\AppData\Roaming\MetaQuotes\Terminal\3294B546D50FEEDA6BF3CFC7CF858DB7\history\mailbox\1356998535.hungarian'
0	22:08:32.696	Migration: copied from 'C:\Program Files (x86)\Pepperstone MetaTrader 4\history\mailbox\1356998535.italian' to 'C:\Users\Fidel\AppData\Roaming\MetaQuotes\Terminal\3294B546D50FEEDA6BF3CFC7CF858DB7\history\mailbox\1356998535.italian'
0	22:08:32.712	Migration: copied from 'C:\Program Files (x86)\Pepperstone MetaTrader 4\history\mailbox\1356998536.indonesian' to 'C:\Users\Fidel\AppData\Roaming\MetaQuotes\Terminal\3294B546D50FEEDA6BF3CFC7CF858DB7\history\mailbox\1356998536.indonesian'
0	22:08:32.726	Migration: copied from 'C:\Program Files (x86)\Pepperstone MetaTrader 4\history\mailbox\1356998536.japanese' to 'C:\Users\Fidel\AppData\Roaming\MetaQuotes\Terminal\3294B546D50FEEDA6BF3CFC7CF858DB7\history\mailbox\1356998536.japanese'
0	22:08:32.741	Migration: copied from 'C:\Program Files (x86)\Pepperstone MetaTrader 4\history\mailbox\1356998537.italian' to 'C:\Users\Fidel\AppData\Roaming\MetaQuotes\Terminal\3294B546D50FEEDA6BF3CFC7CF858DB7\history\mailbox\1356998537.italian'
0	22:08:32.755	Migration: copied from 'C:\Program Files (x86)\Pepperstone MetaTrader 4\history\mailbox\1356998537.malay' to 'C:\Users\Fidel\AppData\Roaming\MetaQuotes\Terminal\3294B546D50FEEDA6BF3CFC7CF858DB7\history\mailbox\1356998537.malay'
0	22:08:32.770	Migration: copied from 'C:\Program Files (x86)\Pepperstone MetaTrader 4\history\mailbox\1356998538.japanese' to 'C:\Users\Fidel\AppData\Roaming\MetaQuotes\Terminal\3294B546D50FEEDA6BF3CFC7CF858DB7\history\mailbox\1356998538.japanese'
0	22:08:32.788	Migration: copied from 'C:\Program Files (x86)\Pepperstone MetaTrader 4\history\mailbox\1356998538.polish' to 'C:\Users\Fidel\AppData\Roaming\MetaQuotes\Terminal\3294B546D50FEEDA6BF3CFC7CF858DB7\history\mailbox\1356998538.polish'
0	22:08:32.802	Migration: copied from 'C:\Program Files (x86)\Pepperstone MetaTrader 4\history\mailbox\1356998539.malay' to 'C:\Users\Fidel\AppData\Roaming\MetaQuotes\Terminal\3294B546D50FEEDA6BF3CFC7CF858DB7\history\mailbox\1356998539.malay'
0	22:08:32.817	Migration: copied from 'C:\Program Files (x86)\Pepperstone MetaTrader 4\history\mailbox\1356998539.portuguese' to 'C:\Users\Fidel\AppData\Roaming\MetaQuotes\Terminal\3294B546D50FEEDA6BF3CFC7CF858DB7\history\mailbox\1356998539.portuguese'
0	22:08:32.832	Migration: copied from 'C:\Program Files (x86)\Pepperstone MetaTrader 4\history\mailbox\1356998540.polish' to 'C:\Users\Fidel\AppData\Roaming\MetaQuotes\Terminal\3294B546D50FEEDA6BF3CFC7CF858DB7\history\mailbox\1356998540.polish'
0	22:08:32.848	Migration: copied from 'C:\Program Files (x86)\Pepperstone MetaTrader 4\history\mailbox\1356998540.russian' to 'C:\Users\Fidel\AppData\Roaming\MetaQuotes\Terminal\3294B546D50FEEDA6BF3CFC7CF858DB7\history\mailbox\1356998540.russian'
0	22:08:32.868	Migration: copied from 'C:\Program Files (x86)\Pepperstone MetaTrader 4\history\mailbox\1356998541.portuguese' to 'C:\Users\Fidel\AppData\Roaming\MetaQuotes\Terminal\3294B546D50FEEDA6BF3CFC7CF858DB7\history\mailbox\1356998541.portuguese'
0	22:08:32.883	Migration: copied from 'C:\Program Files (x86)\Pepperstone MetaTrader 4\history\mailbox\1356998541.slovenian' to 'C:\Users\Fidel\AppData\Roaming\MetaQuotes\Terminal\3294B546D50FEEDA6BF3CFC7CF858DB7\history\mailbox\1356998541.slovenian'
0	22:08:32.901	Migration: copied from 'C:\Program Files (x86)\Pepperstone MetaTrader 4\history\mailbox\1356998542.russian' to 'C:\Users\Fidel\AppData\Roaming\MetaQuotes\Terminal\3294B546D50FEEDA6BF3CFC7CF858DB7\history\mailbox\1356998542.russian'
0	22:08:32.915	Migration: copied from 'C:\Program Files (x86)\Pepperstone MetaTrader 4\history\mailbox\1356998542.spanish' to 'C:\Users\Fidel\AppData\Roaming\MetaQuotes\Terminal\3294B546D50FEEDA6BF3CFC7CF858DB7\history\mailbox\1356998542.spanish'
0	22:08:32.929	Migration: copied from 'C:\Program Files (x86)\Pepperstone MetaTrader 4\history\mailbox\1356998543.slovenian' to 'C:\Users\Fidel\AppData\Roaming\MetaQuotes\Terminal\3294B546D50FEEDA6BF3CFC7CF858DB7\history\mailbox\1356998543.slovenian'
0	22:08:32.947	Migration: copied from 'C:\Program Files (x86)\Pepperstone MetaTrader 4\history\mailbox\1356998543.tajik' to 'C:\Users\Fidel\AppData\Roaming\MetaQuotes\Terminal\3294B546D50FEEDA6BF3CFC7CF858DB7\history\mailbox\1356998543.tajik'
0	22:08:32.976	Migration: copied from 'C:\Program Files (x86)\Pepperstone MetaTrader 4\history\mailbox\1356998544.spanish' to 'C:\Users\Fidel\AppData\Roaming\MetaQuotes\Terminal\3294B546D50FEEDA6BF3CFC7CF858DB7\history\mailbox\1356998544.spanish'
0	22:08:33.046	Migration: copied from 'C:\Program Files (x86)\Pepperstone MetaTrader 4\history\mailbox\1356998544.thai' to 'C:\Users\Fidel\AppData\Roaming\MetaQuotes\Terminal\3294B546D50FEEDA6BF3CFC7CF858DB7\history\mailbox\1356998544.thai'
0	22:08:33.068	Migration: copied from 'C:\Program Files (x86)\Pepperstone MetaTrader 4\history\mailbox\1356998545.tajik' to 'C:\Users\Fidel\AppData\Roaming\MetaQuotes\Terminal\3294B546D50FEEDA6BF3CFC7CF858DB7\history\mailbox\1356998545.tajik'
0	22:08:33.091	Migration: copied from 'C:\Program Files (x86)\Pepperstone MetaTrader 4\history\mailbox\1356998545.turkish' to 'C:\Users\Fidel\AppData\Roaming\MetaQuotes\Terminal\3294B546D50FEEDA6BF3CFC7CF858DB7\history\mailbox\1356998545.turkish'
0	22:08:33.117	Migration: copied from 'C:\Program Files (x86)\Pepperstone MetaTrader 4\history\mailbox\1356998546.thai' to 'C:\Users\Fidel\AppData\Roaming\MetaQuotes\Terminal\3294B546D50FEEDA6BF3CFC7CF858DB7\history\mailbox\1356998546.thai'
0	22:08:33.237	Migration: copied from 'C:\Program Files (x86)\Pepperstone MetaTrader 4\history\mailbox\1356998546.uzbek' to 'C:\Users\Fidel\AppData\Roaming\MetaQuotes\Terminal\3294B546D50FEEDA6BF3CFC7CF858DB7\history\mailbox\1356998546.uzbek'
0	22:08:33.251	Migration: copied from 'C:\Program Files (x86)\Pepperstone MetaTrader 4\history\mailbox\1356998547.turkish' to 'C:\Users\Fidel\AppData\Roaming\MetaQuotes\Terminal\3294B546D50FEEDA6BF3CFC7CF858DB7\history\mailbox\1356998547.turkish'
0	22:08:33.268	Migration: copied from 'C:\Program Files (x86)\Pepperstone MetaTrader 4\history\mailbox\1356998547.vietnamese' to 'C:\Users\Fidel\AppData\Roaming\MetaQuotes\Terminal\3294B546D50FEEDA6BF3CFC7CF858DB7\history\mailbox\1356998547.vietnamese'
0	22:08:33.283	Migration: copied from 'C:\Program Files (x86)\Pepperstone MetaTrader 4\history\mailbox\1356998548.uzbek' to 'C:\Users\Fidel\AppData\Roaming\MetaQuotes\Terminal\3294B546D50FEEDA6BF3CFC7CF858DB7\history\mailbox\1356998548.uzbek'
0	22:08:33.298	Migration: copied from 'C:\Program Files (x86)\Pepperstone MetaTrader 4\history\mailbox\1356998549.vietnamese' to 'C:\Users\Fidel\AppData\Roaming\MetaQuotes\Terminal\3294B546D50FEEDA6BF3CFC7CF858DB7\history\mailbox\1356998549.vietnamese'
0	22:08:33.298	Migration: mailbox folder copied from 'C:\Program Files (x86)\Pepperstone MetaTrader 4' to 'C:\Users\Fidel\AppData\Roaming\MetaQuotes\Terminal\3294B546D50FEEDA6BF3CFC7CF858DB7'
0	22:08:33.332	Migration: copied from 'C:\Program Files (x86)\Pepperstone MetaTrader 4\profiles\British Pound\chart01.CHR' to 'C:\Users\Fidel\AppData\Roaming\MetaQuotes\Terminal\3294B546D50FEEDA6BF3CFC7CF858DB7\profiles\British Pound\chart01.CHR'
0	22:08:33.340	Migration: copied from 'C:\Program Files (x86)\Pepperstone MetaTrader 4\profiles\British Pound\chart02.CHR' to 'C:\Users\Fidel\AppData\Roaming\MetaQuotes\Terminal\3294B546D50FEEDA6BF3CFC7CF858DB7\profiles\British Pound\chart02.CHR'
0	22:08:33.354	Migration: copied from 'C:\Program Files (x86)\Pepperstone MetaTrader 4\profiles\British Pound\chart03.CHR' to 'C:\Users\Fidel\AppData\Roaming\MetaQuotes\Terminal\3294B546D50FEEDA6BF3CFC7CF858DB7\profiles\British Pound\chart03.CHR'
0	22:08:33.369	Migration: copied from 'C:\Program Files (x86)\Pepperstone MetaTrader 4\profiles\British Pound\order.wnd' to 'C:\Users\Fidel\AppData\Roaming\MetaQuotes\Terminal\3294B546D50FEEDA6BF3CFC7CF858DB7\profiles\British Pound\order.wnd'
0	22:08:33.385	Migration: copied from 'C:\Program Files (x86)\Pepperstone MetaTrader 4\profiles\default\chart01.CHR' to 'C:\Users\Fidel\AppData\Roaming\MetaQuotes\Terminal\3294B546D50FEEDA6BF3CFC7CF858DB7\profiles\default\chart01.CHR'
0	22:08:33.398	Migration: copied from 'C:\Program Files (x86)\Pepperstone MetaTrader 4\profiles\default\chart02.CHR' to 'C:\Users\Fidel\AppData\Roaming\MetaQuotes\Terminal\3294B546D50FEEDA6BF3CFC7CF858DB7\profiles\default\chart02.CHR'
0	22:08:33.412	Migration: copied from 'C:\Program Files (x86)\Pepperstone MetaTrader 4\profiles\default\chart03.CHR' to 'C:\Users\Fidel\AppData\Roaming\MetaQuotes\Terminal\3294B546D50FEEDA6BF3CFC7CF858DB7\profiles\default\chart03.CHR'
0	22:08:33.427	Migration: copied from 'C:\Program Files (x86)\Pepperstone MetaTrader 4\profiles\default\chart04.CHR' to 'C:\Users\Fidel\AppData\Roaming\MetaQuotes\Terminal\3294B546D50FEEDA6BF3CFC7CF858DB7\profiles\default\chart04.CHR'
0	22:08:33.439	Migration: copied from 'C:\Program Files (x86)\Pepperstone MetaTrader 4\profiles\default\order.wnd' to 'C:\Users\Fidel\AppData\Roaming\MetaQuotes\Terminal\3294B546D50FEEDA6BF3CFC7CF858DB7\profiles\default\order.wnd'
0	22:08:33.458	Migration: copied from 'C:\Program Files (x86)\Pepperstone MetaTrader 4\profiles\Euro\chart01.CHR' to 'C:\Users\Fidel\AppData\Roaming\MetaQuotes\Terminal\3294B546D50FEEDA6BF3CFC7CF858DB7\profiles\Euro\chart01.CHR'
0	22:08:33.471	Migration: copied from 'C:\Program Files (x86)\Pepperstone MetaTrader 4\profiles\Euro\chart02.CHR' to 'C:\Users\Fidel\AppData\Roaming\MetaQuotes\Terminal\3294B546D50FEEDA6BF3CFC7CF858DB7\profiles\Euro\chart02.CHR'
0	22:08:33.486	Migration: copied from 'C:\Program Files (x86)\Pepperstone MetaTrader 4\profiles\Euro\chart03.CHR' to 'C:\Users\Fidel\AppData\Roaming\MetaQuotes\Terminal\3294B546D50FEEDA6BF3CFC7CF858DB7\profiles\Euro\chart03.CHR'
0	22:08:33.500	Migration: copied from 'C:\Program Files (x86)\Pepperstone MetaTrader 4\profiles\Euro\order.wnd' to 'C:\Users\Fidel\AppData\Roaming\MetaQuotes\Terminal\3294B546D50FEEDA6BF3CFC7CF858DB7\profiles\Euro\order.wnd'
0	22:08:33.502	Migration: copied from 'C:\Program Files (x86)\Pepperstone MetaTrader 4\profiles\lastprofile.ini' to 'C:\Users\Fidel\AppData\Roaming\MetaQuotes\Terminal\3294B546D50FEEDA6BF3CFC7CF858DB7\profiles\lastprofile.ini'
0	22:08:33.515	Migration: copied from 'C:\Program Files (x86)\Pepperstone MetaTrader 4\profiles\Market Overview\chart01.CHR' to 'C:\Users\Fidel\AppData\Roaming\MetaQuotes\Terminal\3294B546D50FEEDA6BF3CFC7CF858DB7\profiles\Market Overview\chart01.CHR'
0	22:08:33.522	Migration: copied from 'C:\Program Files (x86)\Pepperstone MetaTrader 4\profiles\Market Overview\chart02.CHR' to 'C:\Users\Fidel\AppData\Roaming\MetaQuotes\Terminal\3294B546D50FEEDA6BF3CFC7CF858DB7\profiles\Market Overview\chart02.CHR'
0	22:08:33.529	Migration: copied from 'C:\Program Files (x86)\Pepperstone MetaTrader 4\profiles\Market Overview\chart03.CHR' to 'C:\Users\Fidel\AppData\Roaming\MetaQuotes\Terminal\3294B546D50FEEDA6BF3CFC7CF858DB7\profiles\Market Overview\chart03.CHR'
0	22:08:33.539	Migration: copied from 'C:\Program Files (x86)\Pepperstone MetaTrader 4\profiles\Market Overview\chart04.CHR' to 'C:\Users\Fidel\AppData\Roaming\MetaQuotes\Terminal\3294B546D50FEEDA6BF3CFC7CF858DB7\profiles\Market Overview\chart04.CHR'
0	22:08:33.545	Migration: copied from 'C:\Program Files (x86)\Pepperstone MetaTrader 4\profiles\Market Overview\order.wnd' to 'C:\Users\Fidel\AppData\Roaming\MetaQuotes\Terminal\3294B546D50FEEDA6BF3CFC7CF858DB7\profiles\Market Overview\order.wnd'
0	22:08:33.553	Migration: copied from 'C:\Program Files (x86)\Pepperstone MetaTrader 4\profiles\Swiss Franc\chart01.CHR' to 'C:\Users\Fidel\AppData\Roaming\MetaQuotes\Terminal\3294B546D50FEEDA6BF3CFC7CF858DB7\profiles\Swiss Franc\chart01.CHR'
0	22:08:33.559	Migration: copied from 'C:\Program Files (x86)\Pepperstone MetaTrader 4\profiles\Swiss Franc\chart02.CHR' to 'C:\Users\Fidel\AppData\Roaming\MetaQuotes\Terminal\3294B546D50FEEDA6BF3CFC7CF858DB7\profiles\Swiss Franc\chart02.CHR'
0	22:08:33.663	Migration: copied from 'C:\Program Files (x86)\Pepperstone MetaTrader 4\profiles\Swiss Franc\chart03.CHR' to 'C:\Users\Fidel\AppData\Roaming\MetaQuotes\Terminal\3294B546D50FEEDA6BF3CFC7CF858DB7\profiles\Swiss Franc\chart03.CHR'
0	22:08:33.670	Migration: copied from 'C:\Program Files (x86)\Pepperstone MetaTrader 4\profiles\Swiss Franc\order.wnd' to 'C:\Users\Fidel\AppData\Roaming\MetaQuotes\Terminal\3294B546D50FEEDA6BF3CFC7CF858DB7\profiles\Swiss Franc\order.wnd'
0	22:08:33.670	Migration: profiles folder copied from 'C:\Program Files (x86)\Pepperstone MetaTrader 4' to 'C:\Users\Fidel\AppData\Roaming\MetaQuotes\Terminal\3294B546D50FEEDA6BF3CFC7CF858DB7'
0	22:08:33.686	Migration: copied from 'C:\Program Files (x86)\Pepperstone MetaTrader 4\templates\ADX.tpl' to 'C:\Users\Fidel\AppData\Roaming\MetaQuotes\Terminal\3294B546D50FEEDA6BF3CFC7CF858DB7\templates\ADX.tpl'
0	22:08:33.719	Migration: copied from 'C:\Program Files (x86)\Pepperstone MetaTrader 4\templates\BollingerBands.tpl' to 'C:\Users\Fidel\AppData\Roaming\MetaQuotes\Terminal\3294B546D50FEEDA6BF3CFC7CF858DB7\templates\BollingerBands.tpl'
0	22:08:33.735	Migration: copied from 'C:\Program Files (x86)\Pepperstone MetaTrader 4\templates\Layers.tpl' to 'C:\Users\Fidel\AppData\Roaming\MetaQuotes\Terminal\3294B546D50FEEDA6BF3CFC7CF858DB7\templates\Layers.tpl'
0	22:08:33.750	Migration: copied from 'C:\Program Files (x86)\Pepperstone MetaTrader 4\templates\Momentum.tpl' to 'C:\Users\Fidel\AppData\Roaming\MetaQuotes\Terminal\3294B546D50FEEDA6BF3CFC7CF858DB7\templates\Momentum.tpl'
0	22:08:33.766	Migration: copied from 'C:\Program Files (x86)\Pepperstone MetaTrader 4\templates\OptimizationReport.htm' to 'C:\Users\Fidel\AppData\Roaming\MetaQuotes\Terminal\3294B546D50FEEDA6BF3CFC7CF858DB7\templates\OptimizationReport.htm'
0	22:08:33.781	Migration: copied from 'C:\Program Files (x86)\Pepperstone MetaTrader 4\templates\Popular.tpl' to 'C:\Users\Fidel\AppData\Roaming\MetaQuotes\Terminal\3294B546D50FEEDA6BF3CFC7CF858DB7\templates\Popular.tpl'
0	22:08:33.798	Migration: copied from 'C:\Program Files (x86)\Pepperstone MetaTrader 4\templates\statement.htm' to 'C:\Users\Fidel\AppData\Roaming\MetaQuotes\Terminal\3294B546D50FEEDA6BF3CFC7CF858DB7\templates\statement.htm'
0	22:08:33.814	Migration: copied from 'C:\Program Files (x86)\Pepperstone MetaTrader 4\templates\StatementDetailed.htm' to 'C:\Users\Fidel\AppData\Roaming\MetaQuotes\Terminal\3294B546D50FEEDA6BF3CFC7CF858DB7\templates\StatementDetailed.htm'
0	22:08:33.830	Migration: copied from 'C:\Program Files (x86)\Pepperstone MetaTrader 4\templates\strategytester.htm' to 'C:\Users\Fidel\AppData\Roaming\MetaQuotes\Terminal\3294B546D50FEEDA6BF3CFC7CF858DB7\templates\strategytester.htm'
0	22:08:33.846	Migration: copied from 'C:\Program Files (x86)\Pepperstone MetaTrader 4\templates\Volume.tpl' to 'C:\Users\Fidel\AppData\Roaming\MetaQuotes\Terminal\3294B546D50FEEDA6BF3CFC7CF858DB7\templates\Volume.tpl'
0	22:08:33.862	Migration: copied from 'C:\Program Files (x86)\Pepperstone MetaTrader 4\templates\Williams.tpl' to 'C:\Users\Fidel\AppData\Roaming\MetaQuotes\Terminal\3294B546D50FEEDA6BF3CFC7CF858DB7\templates\Williams.tpl'
0	22:08:33.862	Migration: templates folder copied from 'C:\Program Files (x86)\Pepperstone MetaTrader 4' to 'C:\Users\Fidel\AppData\Roaming\MetaQuotes\Terminal\3294B546D50FEEDA6BF3CFC7CF858DB7'
0	22:08:33.893	Migration: data to 'C:\Users\Fidel\AppData\Roaming\MetaQuotes\Terminal\3294B546D50FEEDA6BF3CFC7CF858DB7' migration started
0	22:08:33.893	Migration: experts migration from 'C:\Program Files (x86)\Pepperstone MetaTrader 4' to 'C:\Users\Fidel\AppData\Roaming\MetaQuotes\Terminal\3294B546D50FEEDA6BF3CFC7CF858DB7' started
0	22:08:33.893	Migration: experts folder updated from 'C:\Program Files (x86)\Pepperstone MetaTrader 4\experts' to 'C:\Users\Fidel\AppData\Roaming\MetaQuotes\Terminal\3294B546D50FEEDA6BF3CFC7CF858DB7\MQL4\Experts'
0	22:08:33.893	Migration: include folder updated from 'C:\Program Files (x86)\Pepperstone MetaTrader 4\experts\include' to 'C:\Users\Fidel\AppData\Roaming\MetaQuotes\Terminal\3294B546D50FEEDA6BF3CFC7CF858DB7\MQL4\Include'
0	22:08:33.893	Migration: indicators folder updated from 'C:\Program Files (x86)\Pepperstone MetaTrader 4\experts\indicators' to 'C:\Users\Fidel\AppData\Roaming\MetaQuotes\Terminal\3294B546D50FEEDA6BF3CFC7CF858DB7\MQL4\Indicators'
0	22:08:33.893	Migration: scripts folder updated from 'C:\Program Files (x86)\Pepperstone MetaTrader 4\experts\scripts' to 'C:\Users\Fidel\AppData\Roaming\MetaQuotes\Terminal\3294B546D50FEEDA6BF3CFC7CF858DB7\MQL4\Scripts'
0	22:08:33.893	Migration: expert logs folder updated from 'C:\Program Files (x86)\Pepperstone MetaTrader 4\experts\logs' to 'C:\Users\Fidel\AppData\Roaming\MetaQuotes\Terminal\3294B546D50FEEDA6BF3CFC7CF858DB7\MQL4\Logs'
0	22:08:33.893	Migration: expert files folder updated from 'C:\Program Files (x86)\Pepperstone MetaTrader 4\experts\files' to 'C:\Users\Fidel\AppData\Roaming\MetaQuotes\Terminal\3294B546D50FEEDA6BF3CFC7CF858DB7\MQL4\Files'
0	22:08:33.893	Migration: libraries folder updated from 'C:\Program Files (x86)\Pepperstone MetaTrader 4\experts\libraries' to 'C:\Users\Fidel\AppData\Roaming\MetaQuotes\Terminal\3294B546D50FEEDA6BF3CFC7CF858DB7\MQL4\Libraries'
0	22:08:33.895	Migration: expert presets folder updated from 'C:\Program Files (x86)\Pepperstone MetaTrader 4\experts\presets' to 'C:\Users\Fidel\AppData\Roaming\MetaQuotes\Terminal\3294B546D50FEEDA6BF3CFC7CF858DB7\MQL4\Presets'
0	22:08:33.895	Migration: expert images folder updated from 'C:\Program Files (x86)\Pepperstone MetaTrader 4\experts\images' to 'C:\Users\Fidel\AppData\Roaming\MetaQuotes\Terminal\3294B546D50FEEDA6BF3CFC7CF858DB7\MQL4\Images'
0	22:08:33.895	Migration: experts migration finished
0	22:08:33.899	Migration: data migration finished, no virtual folder
0	22:08:33.903	LiveUpdate: update C:\Users\Fidel\AppData\Roaming\MetaQuotes\Terminal\3294B546D50FEEDA6BF3CFC7CF858DB7\MQL4 folder started
0	22:08:36.211	LiveUpdate: update C:\Users\Fidel\AppData\Roaming\MetaQuotes\Terminal\3294B546D50FEEDA6BF3CFC7CF858DB7\MQL4 folder finished
0	22:08:36.390	MetaTrader build 1170 started (Pepperstone Group Limited)
0	22:08:36.390	Windows 10 Home Single Language x64, IE 11, UAC, 8 x Intel Core i7-6700HQ  @ 2.60GHz, Memory: 3098 / 8058 Mb, Disk: 794 / 919 Gb, GMT-5
0	22:08:36.390	Data Folder: C:\Users\Fidel\AppData\Roaming\MetaQuotes\Terminal\3294B546D50FEEDA6BF3CFC7CF858DB7
0	22:08:37.643	Sources recompilation started
0	22:08:53.928	Sources recompilation finished (28 compiled in 16281 msec)
0	22:09:28.763	'1061950': login on Pepperstone-Demo01 through NY DC2 (ping: 144.22 ms)
0	22:09:32.283	'1061950': previous successful authorization performed from 190.239.79.68
0	22:09:35.758	'1061950': ping to current access point NY DC2 is 150.83 ms
0	22:23:59.745	MetaTrader build 1170 stopped
